{"/Users/toritakashi/wp-telecommunications-business-act/frontend/src/components/ServicePolicy/ServicePolicyClassification/ServicePolicyClassification.tsx": {"path":"/Users/toritakashi/wp-telecommunications-business-act/frontend/src/components/ServicePolicy/ServicePolicyClassification/ServicePolicyClassification.tsx","all":false,"statementMap":{"0":{"start":{"line":1,"column":0},"end":{"line":1,"column":25}},"1":{"start":{"line":2,"column":0},"end":{"line":2,"column":44}},"2":{"start":{"line":3,"column":0},"end":{"line":3,"column":0}},"3":{"start":{"line":4,"column":0},"end":{"line":4,"column":51}},"4":{"start":{"line":5,"column":0},"end":{"line":5,"column":24}},"5":{"start":{"line":6,"column":0},"end":{"line":6,"column":1}},"6":{"start":{"line":7,"column":0},"end":{"line":7,"column":0}},"7":{"start":{"line":8,"column":0},"end":{"line":8,"column":126}},"8":{"start":{"line":9,"column":0},"end":{"line":9,"column":10}},"9":{"start":{"line":10,"column":0},"end":{"line":10,"column":13}},"10":{"start":{"line":11,"column":0},"end":{"line":11,"column":47}},"11":{"start":{"line":12,"column":0},"end":{"line":12,"column":14}},"12":{"start":{"line":13,"column":0},"end":{"line":13,"column":3}},"13":{"start":{"line":14,"column":0},"end":{"line":14,"column":1}},"14":{"start":{"line":15,"column":0},"end":{"line":15,"column":0}},"15":{"start":{"line":16,"column":0},"end":{"line":16,"column":42}}},"s":{"0":1,"1":1,"2":1,"3":1,"4":1,"5":1,"6":1,"7":1,"8":34,"9":34,"10":34,"11":34,"12":34,"13":34,"14":1,"15":1},"branchMap":{"0":{"type":"branch","line":8,"loc":{"start":{"line":8,"column":80},"end":{"line":14,"column":1}},"locations":[{"start":{"line":8,"column":80},"end":{"line":14,"column":1}}]}},"b":{"0":[34]},"fnMap":{"0":{"name":"ServicePolicyClassification","decl":{"start":{"line":8,"column":80},"end":{"line":14,"column":1}},"loc":{"start":{"line":8,"column":80},"end":{"line":14,"column":1}},"line":8}},"f":{"0":34}}
,"/Users/toritakashi/wp-telecommunications-business-act/frontend/src/components/ServicePolicy/ServicePolicyCompanyName/ServicePolicyCompanyName.tsx": {"path":"/Users/toritakashi/wp-telecommunications-business-act/frontend/src/components/ServicePolicy/ServicePolicyCompanyName/ServicePolicyCompanyName.tsx","all":false,"statementMap":{"0":{"start":{"line":1,"column":0},"end":{"line":1,"column":25}},"1":{"start":{"line":2,"column":0},"end":{"line":2,"column":58}},"2":{"start":{"line":3,"column":0},"end":{"line":3,"column":0}},"3":{"start":{"line":4,"column":0},"end":{"line":4,"column":66}},"4":{"start":{"line":5,"column":0},"end":{"line":5,"column":0}},"5":{"start":{"line":6,"column":0},"end":{"line":6,"column":48}},"6":{"start":{"line":7,"column":0},"end":{"line":7,"column":21}},"7":{"start":{"line":8,"column":0},"end":{"line":8,"column":22}},"8":{"start":{"line":9,"column":0},"end":{"line":9,"column":19}},"9":{"start":{"line":10,"column":0},"end":{"line":10,"column":1}},"10":{"start":{"line":11,"column":0},"end":{"line":11,"column":0}},"11":{"start":{"line":12,"column":0},"end":{"line":12,"column":117}},"12":{"start":{"line":13,"column":0},"end":{"line":13,"column":10}},"13":{"start":{"line":14,"column":0},"end":{"line":14,"column":11}},"14":{"start":{"line":15,"column":0},"end":{"line":15,"column":17}},"15":{"start":{"line":16,"column":0},"end":{"line":16,"column":5}},"16":{"start":{"line":17,"column":0},"end":{"line":17,"column":12}},"17":{"start":{"line":18,"column":0},"end":{"line":18,"column":34}},"18":{"start":{"line":19,"column":0},"end":{"line":19,"column":17}},"19":{"start":{"line":20,"column":0},"end":{"line":20,"column":36}},"20":{"start":{"line":21,"column":0},"end":{"line":21,"column":40}},"21":{"start":{"line":22,"column":0},"end":{"line":22,"column":11}},"22":{"start":{"line":23,"column":0},"end":{"line":23,"column":31}},"23":{"start":{"line":24,"column":0},"end":{"line":24,"column":17}},"24":{"start":{"line":25,"column":0},"end":{"line":25,"column":29}},"25":{"start":{"line":26,"column":0},"end":{"line":26,"column":9}},"26":{"start":{"line":27,"column":0},"end":{"line":27,"column":13}},"27":{"start":{"line":28,"column":0},"end":{"line":28,"column":26}},"28":{"start":{"line":29,"column":0},"end":{"line":29,"column":12}},"29":{"start":{"line":30,"column":0},"end":{"line":30,"column":20}},"30":{"start":{"line":31,"column":0},"end":{"line":31,"column":20}},"31":{"start":{"line":32,"column":0},"end":{"line":32,"column":9}},"32":{"start":{"line":33,"column":0},"end":{"line":33,"column":42}},"33":{"start":{"line":34,"column":0},"end":{"line":34,"column":14}},"34":{"start":{"line":35,"column":0},"end":{"line":35,"column":8}},"35":{"start":{"line":36,"column":0},"end":{"line":36,"column":13}},"36":{"start":{"line":37,"column":0},"end":{"line":37,"column":3}},"37":{"start":{"line":38,"column":0},"end":{"line":38,"column":1}},"38":{"start":{"line":39,"column":0},"end":{"line":39,"column":0}},"39":{"start":{"line":40,"column":0},"end":{"line":40,"column":39}}},"s":{"0":1,"1":1,"2":1,"3":1,"4":1,"5":1,"6":1,"7":1,"8":1,"9":1,"10":1,"11":1,"12":34,"13":34,"14":34,"15":34,"16":34,"17":34,"18":0,"19":0,"20":0,"21":0,"22":0,"23":0,"24":34,"25":34,"26":34,"27":34,"28":34,"29":34,"30":34,"31":34,"32":34,"33":34,"34":34,"35":34,"36":34,"37":34,"38":1,"39":1},"branchMap":{"0":{"type":"branch","line":12,"loc":{"start":{"line":12,"column":74},"end":{"line":38,"column":1}},"locations":[{"start":{"line":12,"column":74},"end":{"line":38,"column":1}}]},"1":{"type":"branch","line":18,"loc":{"start":{"line":18,"column":30},"end":{"line":25,"column":18}},"locations":[{"start":{"line":18,"column":30},"end":{"line":25,"column":18}}]}},"b":{"0":[34],"1":[0]},"fnMap":{"0":{"name":"ServicePolicyCompanyName","decl":{"start":{"line":12,"column":74},"end":{"line":38,"column":1}},"loc":{"start":{"line":12,"column":74},"end":{"line":38,"column":1}},"line":12}},"f":{"0":34}}
,"/Users/toritakashi/wp-telecommunications-business-act/frontend/src/components/ServicePolicy/ServicePolicyExtraInfo/ServicePolicyExtraInfo.tsx": {"path":"/Users/toritakashi/wp-telecommunications-business-act/frontend/src/components/ServicePolicy/ServicePolicyExtraInfo/ServicePolicyExtraInfo.tsx","all":false,"statementMap":{"0":{"start":{"line":1,"column":0},"end":{"line":1,"column":25}},"1":{"start":{"line":2,"column":0},"end":{"line":2,"column":8}},"2":{"start":{"line":3,"column":0},"end":{"line":3,"column":5}},"3":{"start":{"line":4,"column":0},"end":{"line":4,"column":25}},"4":{"start":{"line":5,"column":0},"end":{"line":5,"column":0}},"5":{"start":{"line":6,"column":0},"end":{"line":6,"column":78}},"6":{"start":{"line":7,"column":0},"end":{"line":7,"column":81}},"7":{"start":{"line":8,"column":0},"end":{"line":8,"column":75}},"8":{"start":{"line":9,"column":0},"end":{"line":9,"column":0}},"9":{"start":{"line":10,"column":0},"end":{"line":10,"column":46}},"10":{"start":{"line":11,"column":0},"end":{"line":11,"column":28}},"11":{"start":{"line":12,"column":0},"end":{"line":12,"column":28}},"12":{"start":{"line":13,"column":0},"end":{"line":13,"column":36}},"13":{"start":{"line":14,"column":0},"end":{"line":14,"column":1}},"14":{"start":{"line":15,"column":0},"end":{"line":15,"column":0}},"15":{"start":{"line":16,"column":0},"end":{"line":16,"column":111}},"16":{"start":{"line":17,"column":0},"end":{"line":17,"column":10}},"17":{"start":{"line":18,"column":0},"end":{"line":18,"column":13}},"18":{"start":{"line":19,"column":0},"end":{"line":19,"column":33}},"19":{"start":{"line":20,"column":0},"end":{"line":20,"column":39}},"20":{"start":{"line":21,"column":0},"end":{"line":21,"column":14}},"21":{"start":{"line":22,"column":0},"end":{"line":22,"column":34}},"22":{"start":{"line":23,"column":0},"end":{"line":23,"column":57}},"23":{"start":{"line":24,"column":0},"end":{"line":24,"column":14}},"24":{"start":{"line":25,"column":0},"end":{"line":25,"column":32}},"25":{"start":{"line":26,"column":0},"end":{"line":26,"column":53}},"26":{"start":{"line":27,"column":0},"end":{"line":27,"column":14}},"27":{"start":{"line":28,"column":0},"end":{"line":28,"column":14}},"28":{"start":{"line":29,"column":0},"end":{"line":29,"column":3}},"29":{"start":{"line":30,"column":0},"end":{"line":30,"column":1}},"30":{"start":{"line":31,"column":0},"end":{"line":31,"column":0}},"31":{"start":{"line":32,"column":0},"end":{"line":32,"column":37}}},"s":{"0":1,"1":1,"2":1,"3":1,"4":1,"5":1,"6":1,"7":1,"8":1,"9":1,"10":1,"11":1,"12":1,"13":1,"14":1,"15":1,"16":0,"17":0,"18":0,"19":0,"20":0,"21":0,"22":0,"23":0,"24":0,"25":0,"26":0,"27":0,"28":0,"29":0,"30":1,"31":1},"branchMap":{},"b":{},"fnMap":{"0":{"name":"ServicePolicyExtraInfo","decl":{"start":{"line":16,"column":70},"end":{"line":30,"column":1}},"loc":{"start":{"line":16,"column":70},"end":{"line":30,"column":1}},"line":16}},"f":{"0":0}}
,"/Users/toritakashi/wp-telecommunications-business-act/frontend/src/components/ServicePolicy/ServicePolicyExtraInfo/ServicePolicyExamples/ServicePolicyExamples.tsx": {"path":"/Users/toritakashi/wp-telecommunications-business-act/frontend/src/components/ServicePolicy/ServicePolicyExtraInfo/ServicePolicyExamples/ServicePolicyExamples.tsx","all":false,"statementMap":{"0":{"start":{"line":1,"column":0},"end":{"line":1,"column":25}},"1":{"start":{"line":2,"column":0},"end":{"line":2,"column":69}},"2":{"start":{"line":3,"column":0},"end":{"line":3,"column":0}},"3":{"start":{"line":4,"column":0},"end":{"line":4,"column":45}},"4":{"start":{"line":5,"column":0},"end":{"line":5,"column":28}},"5":{"start":{"line":6,"column":0},"end":{"line":6,"column":1}},"6":{"start":{"line":7,"column":0},"end":{"line":7,"column":0}},"7":{"start":{"line":8,"column":0},"end":{"line":8,"column":108}},"8":{"start":{"line":9,"column":0},"end":{"line":9,"column":10}},"9":{"start":{"line":10,"column":0},"end":{"line":10,"column":12}},"10":{"start":{"line":11,"column":0},"end":{"line":11,"column":19}},"11":{"start":{"line":12,"column":0},"end":{"line":12,"column":9}},"12":{"start":{"line":13,"column":0},"end":{"line":13,"column":17}},"13":{"start":{"line":14,"column":0},"end":{"line":14,"column":22}},"14":{"start":{"line":15,"column":0},"end":{"line":15,"column":13}},"15":{"start":{"line":16,"column":0},"end":{"line":16,"column":21}},"16":{"start":{"line":17,"column":0},"end":{"line":17,"column":19}},"17":{"start":{"line":18,"column":0},"end":{"line":18,"column":27}},"18":{"start":{"line":19,"column":0},"end":{"line":19,"column":65}},"19":{"start":{"line":20,"column":0},"end":{"line":20,"column":83}},"20":{"start":{"line":21,"column":0},"end":{"line":21,"column":19}},"21":{"start":{"line":22,"column":0},"end":{"line":22,"column":28}},"22":{"start":{"line":23,"column":0},"end":{"line":23,"column":14}},"23":{"start":{"line":24,"column":0},"end":{"line":24,"column":3}},"24":{"start":{"line":25,"column":0},"end":{"line":25,"column":1}},"25":{"start":{"line":26,"column":0},"end":{"line":26,"column":0}},"26":{"start":{"line":27,"column":0},"end":{"line":27,"column":36}}},"s":{"0":1,"1":1,"2":1,"3":1,"4":1,"5":1,"6":1,"7":1,"8":0,"9":0,"10":0,"11":0,"12":0,"13":0,"14":0,"15":0,"16":0,"17":0,"18":0,"19":0,"20":0,"21":0,"22":0,"23":0,"24":0,"25":1,"26":1},"branchMap":{},"b":{},"fnMap":{"0":{"name":"ServicePolicyExamples","decl":{"start":{"line":8,"column":68},"end":{"line":25,"column":1}},"loc":{"start":{"line":8,"column":68},"end":{"line":25,"column":1}},"line":8}},"f":{"0":0}}
,"/Users/toritakashi/wp-telecommunications-business-act/frontend/src/components/ServicePolicy/ServicePolicyExtraInfo/ServicePolicyOthers/ServicePolicyOthers.tsx": {"path":"/Users/toritakashi/wp-telecommunications-business-act/frontend/src/components/ServicePolicy/ServicePolicyExtraInfo/ServicePolicyOthers/ServicePolicyOthers.tsx","all":false,"statementMap":{"0":{"start":{"line":1,"column":0},"end":{"line":1,"column":25}},"1":{"start":{"line":2,"column":0},"end":{"line":2,"column":44}},"2":{"start":{"line":3,"column":0},"end":{"line":3,"column":0}},"3":{"start":{"line":4,"column":0},"end":{"line":4,"column":43}},"4":{"start":{"line":5,"column":0},"end":{"line":5,"column":36}},"5":{"start":{"line":6,"column":0},"end":{"line":6,"column":1}},"6":{"start":{"line":7,"column":0},"end":{"line":7,"column":0}},"7":{"start":{"line":8,"column":0},"end":{"line":8,"column":102}},"8":{"start":{"line":9,"column":0},"end":{"line":9,"column":10}},"9":{"start":{"line":10,"column":0},"end":{"line":10,"column":13}},"10":{"start":{"line":11,"column":0},"end":{"line":11,"column":43}},"11":{"start":{"line":12,"column":0},"end":{"line":12,"column":17}},"12":{"start":{"line":13,"column":0},"end":{"line":13,"column":25}},"13":{"start":{"line":14,"column":0},"end":{"line":14,"column":29}},"14":{"start":{"line":15,"column":0},"end":{"line":15,"column":34}},"15":{"start":{"line":16,"column":0},"end":{"line":16,"column":25}},"16":{"start":{"line":17,"column":0},"end":{"line":17,"column":31}},"17":{"start":{"line":18,"column":0},"end":{"line":18,"column":31}},"18":{"start":{"line":19,"column":0},"end":{"line":19,"column":46}},"19":{"start":{"line":20,"column":0},"end":{"line":20,"column":26}},"20":{"start":{"line":21,"column":0},"end":{"line":21,"column":17}},"21":{"start":{"line":22,"column":0},"end":{"line":22,"column":21}},"22":{"start":{"line":23,"column":0},"end":{"line":23,"column":14}},"23":{"start":{"line":24,"column":0},"end":{"line":24,"column":3}},"24":{"start":{"line":25,"column":0},"end":{"line":25,"column":1}},"25":{"start":{"line":26,"column":0},"end":{"line":26,"column":0}},"26":{"start":{"line":27,"column":0},"end":{"line":27,"column":34}}},"s":{"0":1,"1":1,"2":1,"3":1,"4":1,"5":1,"6":1,"7":1,"8":0,"9":0,"10":0,"11":0,"12":0,"13":0,"14":0,"15":0,"16":0,"17":0,"18":0,"19":0,"20":0,"21":0,"22":0,"23":0,"24":0,"25":1,"26":1},"branchMap":{},"b":{},"fnMap":{"0":{"name":"ServicePolicyOthers","decl":{"start":{"line":8,"column":64},"end":{"line":25,"column":1}},"loc":{"start":{"line":8,"column":64},"end":{"line":25,"column":1}},"line":8}},"f":{"0":0}}
,"/Users/toritakashi/wp-telecommunications-business-act/frontend/src/components/ServicePolicy/ServicePolicyExtraInfo/ServicePolicyPurpose/ServicePolicyPurpose.tsx": {"path":"/Users/toritakashi/wp-telecommunications-business-act/frontend/src/components/ServicePolicy/ServicePolicyExtraInfo/ServicePolicyPurpose/ServicePolicyPurpose.tsx","all":false,"statementMap":{"0":{"start":{"line":1,"column":0},"end":{"line":1,"column":25}},"1":{"start":{"line":2,"column":0},"end":{"line":2,"column":44}},"2":{"start":{"line":3,"column":0},"end":{"line":3,"column":0}},"3":{"start":{"line":4,"column":0},"end":{"line":4,"column":44}},"4":{"start":{"line":5,"column":0},"end":{"line":5,"column":28}},"5":{"start":{"line":6,"column":0},"end":{"line":6,"column":1}},"6":{"start":{"line":7,"column":0},"end":{"line":7,"column":0}},"7":{"start":{"line":8,"column":0},"end":{"line":8,"column":105}},"8":{"start":{"line":9,"column":0},"end":{"line":9,"column":10}},"9":{"start":{"line":10,"column":0},"end":{"line":10,"column":12}},"10":{"start":{"line":11,"column":0},"end":{"line":11,"column":19}},"11":{"start":{"line":12,"column":0},"end":{"line":12,"column":9}},"12":{"start":{"line":13,"column":0},"end":{"line":13,"column":17}},"13":{"start":{"line":14,"column":0},"end":{"line":14,"column":22}},"14":{"start":{"line":15,"column":0},"end":{"line":15,"column":13}},"15":{"start":{"line":16,"column":0},"end":{"line":16,"column":20}},"16":{"start":{"line":17,"column":0},"end":{"line":17,"column":19}},"17":{"start":{"line":18,"column":0},"end":{"line":18,"column":27}},"18":{"start":{"line":19,"column":0},"end":{"line":19,"column":14}},"19":{"start":{"line":20,"column":0},"end":{"line":20,"column":3}},"20":{"start":{"line":21,"column":0},"end":{"line":21,"column":1}},"21":{"start":{"line":22,"column":0},"end":{"line":22,"column":0}},"22":{"start":{"line":23,"column":0},"end":{"line":23,"column":35}}},"s":{"0":1,"1":1,"2":1,"3":1,"4":1,"5":1,"6":1,"7":1,"8":0,"9":0,"10":0,"11":0,"12":0,"13":0,"14":0,"15":0,"16":0,"17":0,"18":0,"19":0,"20":0,"21":1,"22":1},"branchMap":{},"b":{},"fnMap":{"0":{"name":"ServicePolicyPurpose","decl":{"start":{"line":8,"column":66},"end":{"line":21,"column":1}},"loc":{"start":{"line":8,"column":66},"end":{"line":21,"column":1}},"line":8}},"f":{"0":0}}
,"/Users/toritakashi/wp-telecommunications-business-act/frontend/src/components/ServicePolicy/ServicePolicyHeader/ServicePolicyHeader.tsx": {"path":"/Users/toritakashi/wp-telecommunications-business-act/frontend/src/components/ServicePolicy/ServicePolicyHeader/ServicePolicyHeader.tsx","all":false,"statementMap":{"0":{"start":{"line":1,"column":0},"end":{"line":1,"column":25}},"1":{"start":{"line":2,"column":0},"end":{"line":2,"column":8}},"2":{"start":{"line":3,"column":0},"end":{"line":3,"column":5}},"3":{"start":{"line":4,"column":0},"end":{"line":4,"column":5}},"4":{"start":{"line":5,"column":0},"end":{"line":5,"column":7}},"5":{"start":{"line":6,"column":0},"end":{"line":6,"column":6}},"6":{"start":{"line":7,"column":0},"end":{"line":7,"column":25}},"7":{"start":{"line":8,"column":0},"end":{"line":8,"column":0}},"8":{"start":{"line":9,"column":0},"end":{"line":9,"column":43}},"9":{"start":{"line":10,"column":0},"end":{"line":10,"column":22}},"10":{"start":{"line":11,"column":0},"end":{"line":11,"column":1}},"11":{"start":{"line":12,"column":0},"end":{"line":12,"column":0}},"12":{"start":{"line":13,"column":0},"end":{"line":13,"column":109}},"13":{"start":{"line":14,"column":0},"end":{"line":14,"column":10}},"14":{"start":{"line":15,"column":0},"end":{"line":15,"column":6}},"15":{"start":{"line":16,"column":0},"end":{"line":16,"column":10}},"16":{"start":{"line":17,"column":0},"end":{"line":17,"column":31}},"17":{"start":{"line":18,"column":0},"end":{"line":18,"column":14}},"18":{"start":{"line":19,"column":0},"end":{"line":19,"column":17}},"19":{"start":{"line":20,"column":0},"end":{"line":20,"column":32}},"20":{"start":{"line":21,"column":0},"end":{"line":21,"column":30}},"21":{"start":{"line":22,"column":0},"end":{"line":22,"column":13}},"22":{"start":{"line":23,"column":0},"end":{"line":23,"column":30}},"23":{"start":{"line":24,"column":0},"end":{"line":24,"column":19}},"24":{"start":{"line":25,"column":0},"end":{"line":25,"column":15}},"25":{"start":{"line":26,"column":0},"end":{"line":26,"column":10}},"26":{"start":{"line":27,"column":0},"end":{"line":27,"column":32}},"27":{"start":{"line":28,"column":0},"end":{"line":28,"column":33}},"28":{"start":{"line":29,"column":0},"end":{"line":29,"column":35}},"29":{"start":{"line":30,"column":0},"end":{"line":30,"column":36}},"30":{"start":{"line":31,"column":0},"end":{"line":31,"column":40}},"31":{"start":{"line":32,"column":0},"end":{"line":32,"column":38}},"32":{"start":{"line":33,"column":0},"end":{"line":33,"column":11}},"33":{"start":{"line":34,"column":0},"end":{"line":34,"column":7}},"34":{"start":{"line":35,"column":0},"end":{"line":35,"column":3}},"35":{"start":{"line":36,"column":0},"end":{"line":36,"column":1}},"36":{"start":{"line":37,"column":0},"end":{"line":37,"column":0}},"37":{"start":{"line":38,"column":0},"end":{"line":38,"column":34}}},"s":{"0":1,"1":1,"2":1,"3":1,"4":1,"5":1,"6":1,"7":1,"8":1,"9":1,"10":1,"11":1,"12":1,"13":5,"14":5,"15":5,"16":5,"17":5,"18":5,"19":5,"20":5,"21":5,"22":5,"23":5,"24":5,"25":5,"26":5,"27":5,"28":5,"29":5,"30":5,"31":5,"32":5,"33":5,"34":5,"35":5,"36":1,"37":1},"branchMap":{"0":{"type":"branch","line":13,"loc":{"start":{"line":13,"column":71},"end":{"line":36,"column":1}},"locations":[{"start":{"line":13,"column":71},"end":{"line":36,"column":1}}]}},"b":{"0":[5]},"fnMap":{"0":{"name":"ServicePolicyHeader","decl":{"start":{"line":13,"column":71},"end":{"line":36,"column":1}},"loc":{"start":{"line":13,"column":71},"end":{"line":36,"column":1}},"line":13}},"f":{"0":5}}
,"/Users/toritakashi/wp-telecommunications-business-act/frontend/src/components/ServicePolicy/ServicePolicyOptout/ServicePolicyOptout.tsx": {"path":"/Users/toritakashi/wp-telecommunications-business-act/frontend/src/components/ServicePolicy/ServicePolicyOptout/ServicePolicyOptout.tsx","all":false,"statementMap":{"0":{"start":{"line":1,"column":0},"end":{"line":1,"column":25}},"1":{"start":{"line":2,"column":0},"end":{"line":2,"column":50}},"2":{"start":{"line":3,"column":0},"end":{"line":3,"column":0}},"3":{"start":{"line":4,"column":0},"end":{"line":4,"column":43}},"4":{"start":{"line":5,"column":0},"end":{"line":5,"column":21}},"5":{"start":{"line":6,"column":0},"end":{"line":6,"column":1}},"6":{"start":{"line":7,"column":0},"end":{"line":7,"column":0}},"7":{"start":{"line":8,"column":0},"end":{"line":8,"column":102}},"8":{"start":{"line":9,"column":0},"end":{"line":9,"column":10}},"9":{"start":{"line":10,"column":0},"end":{"line":10,"column":9}},"10":{"start":{"line":11,"column":0},"end":{"line":11,"column":12}},"11":{"start":{"line":12,"column":0},"end":{"line":12,"column":33}},"12":{"start":{"line":13,"column":0},"end":{"line":13,"column":13}},"13":{"start":{"line":14,"column":0},"end":{"line":14,"column":72}},"14":{"start":{"line":15,"column":0},"end":{"line":15,"column":20}},"15":{"start":{"line":16,"column":0},"end":{"line":16,"column":19}},"16":{"start":{"line":17,"column":0},"end":{"line":17,"column":13}},"17":{"start":{"line":18,"column":0},"end":{"line":18,"column":13}},"18":{"start":{"line":19,"column":0},"end":{"line":19,"column":20}},"19":{"start":{"line":20,"column":0},"end":{"line":20,"column":14}},"20":{"start":{"line":21,"column":0},"end":{"line":21,"column":13}},"21":{"start":{"line":22,"column":0},"end":{"line":22,"column":10}},"22":{"start":{"line":23,"column":0},"end":{"line":23,"column":3}},"23":{"start":{"line":24,"column":0},"end":{"line":24,"column":1}},"24":{"start":{"line":25,"column":0},"end":{"line":25,"column":0}},"25":{"start":{"line":26,"column":0},"end":{"line":26,"column":34}}},"s":{"0":1,"1":1,"2":1,"3":1,"4":1,"5":1,"6":1,"7":1,"8":34,"9":34,"10":34,"11":34,"12":18,"13":18,"14":18,"15":18,"16":18,"17":18,"18":18,"19":34,"20":34,"21":34,"22":34,"23":34,"24":1,"25":1},"branchMap":{"0":{"type":"branch","line":8,"loc":{"start":{"line":8,"column":64},"end":{"line":24,"column":1}},"locations":[{"start":{"line":8,"column":64},"end":{"line":24,"column":1}}]},"1":{"type":"branch","line":12,"loc":{"start":{"line":12,"column":29},"end":{"line":19,"column":20}},"locations":[{"start":{"line":12,"column":29},"end":{"line":19,"column":20}}]},"2":{"type":"branch","line":19,"loc":{"start":{"line":19,"column":14},"end":{"line":19,"column":20}},"locations":[{"start":{"line":19,"column":14},"end":{"line":19,"column":20}}]}},"b":{"0":[34],"1":[18],"2":[16]},"fnMap":{"0":{"name":"ServicePolicyOptout","decl":{"start":{"line":8,"column":64},"end":{"line":24,"column":1}},"loc":{"start":{"line":8,"column":64},"end":{"line":24,"column":1}},"line":8}},"f":{"0":34}}
,"/Users/toritakashi/wp-telecommunications-business-act/frontend/src/components/ServicePolicy/ServicePolicyPrivacyPolicy/ServicePolicyPrivacyPolicy.tsx": {"path":"/Users/toritakashi/wp-telecommunications-business-act/frontend/src/components/ServicePolicy/ServicePolicyPrivacyPolicy/ServicePolicyPrivacyPolicy.tsx","all":false,"statementMap":{"0":{"start":{"line":1,"column":0},"end":{"line":1,"column":25}},"1":{"start":{"line":2,"column":0},"end":{"line":2,"column":50}},"2":{"start":{"line":3,"column":0},"end":{"line":3,"column":0}},"3":{"start":{"line":4,"column":0},"end":{"line":4,"column":50}},"4":{"start":{"line":5,"column":0},"end":{"line":5,"column":28}},"5":{"start":{"line":6,"column":0},"end":{"line":6,"column":1}},"6":{"start":{"line":7,"column":0},"end":{"line":7,"column":0}},"7":{"start":{"line":8,"column":0},"end":{"line":8,"column":123}},"8":{"start":{"line":9,"column":0},"end":{"line":9,"column":10}},"9":{"start":{"line":10,"column":0},"end":{"line":10,"column":9}},"10":{"start":{"line":11,"column":0},"end":{"line":11,"column":12}},"11":{"start":{"line":12,"column":0},"end":{"line":12,"column":40}},"12":{"start":{"line":13,"column":0},"end":{"line":13,"column":17}},"13":{"start":{"line":14,"column":0},"end":{"line":14,"column":42}},"14":{"start":{"line":15,"column":0},"end":{"line":15,"column":40}},"15":{"start":{"line":16,"column":0},"end":{"line":16,"column":11}},"16":{"start":{"line":17,"column":0},"end":{"line":17,"column":22}},"17":{"start":{"line":18,"column":0},"end":{"line":18,"column":17}},"18":{"start":{"line":19,"column":0},"end":{"line":19,"column":18}},"19":{"start":{"line":20,"column":0},"end":{"line":20,"column":9}},"20":{"start":{"line":21,"column":0},"end":{"line":21,"column":13}},"21":{"start":{"line":22,"column":0},"end":{"line":22,"column":10}},"22":{"start":{"line":23,"column":0},"end":{"line":23,"column":3}},"23":{"start":{"line":24,"column":0},"end":{"line":24,"column":1}},"24":{"start":{"line":25,"column":0},"end":{"line":25,"column":0}},"25":{"start":{"line":26,"column":0},"end":{"line":26,"column":41}}},"s":{"0":1,"1":1,"2":1,"3":1,"4":1,"5":1,"6":1,"7":1,"8":34,"9":34,"10":34,"11":34,"12":28,"13":28,"14":28,"15":28,"16":28,"17":28,"18":28,"19":34,"20":34,"21":34,"22":34,"23":34,"24":1,"25":1},"branchMap":{"0":{"type":"branch","line":8,"loc":{"start":{"line":8,"column":78},"end":{"line":24,"column":1}},"locations":[{"start":{"line":8,"column":78},"end":{"line":24,"column":1}}]},"1":{"type":"branch","line":12,"loc":{"start":{"line":12,"column":36},"end":{"line":19,"column":18}},"locations":[{"start":{"line":12,"column":36},"end":{"line":19,"column":18}}]},"2":{"type":"branch","line":19,"loc":{"start":{"line":19,"column":12},"end":{"line":19,"column":18}},"locations":[{"start":{"line":19,"column":12},"end":{"line":19,"column":18}}]}},"b":{"0":[34],"1":[28],"2":[6]},"fnMap":{"0":{"name":"ServicePolicyPrivacyPolicy","decl":{"start":{"line":8,"column":78},"end":{"line":24,"column":1}},"loc":{"start":{"line":8,"column":78},"end":{"line":24,"column":1}},"line":8}},"f":{"0":34}}
,"/Users/toritakashi/wp-telecommunications-business-act/frontend/src/components/ServicePolicy/ServicePolicyRow/ServicePolicyRow.tsx": {"path":"/Users/toritakashi/wp-telecommunications-business-act/frontend/src/components/ServicePolicy/ServicePolicyRow/ServicePolicyRow.tsx","all":false,"statementMap":{"0":{"start":{"line":1,"column":0},"end":{"line":1,"column":39}},"1":{"start":{"line":2,"column":0},"end":{"line":2,"column":8}},"2":{"start":{"line":3,"column":0},"end":{"line":3,"column":5}},"3":{"start":{"line":4,"column":0},"end":{"line":4,"column":5}},"4":{"start":{"line":5,"column":0},"end":{"line":5,"column":11}},"5":{"start":{"line":6,"column":0},"end":{"line":6,"column":6}},"6":{"start":{"line":7,"column":0},"end":{"line":7,"column":25}},"7":{"start":{"line":8,"column":0},"end":{"line":8,"column":0}},"8":{"start":{"line":9,"column":0},"end":{"line":9,"column":100}},"9":{"start":{"line":10,"column":0},"end":{"line":10,"column":91}},"10":{"start":{"line":11,"column":0},"end":{"line":11,"column":91}},"11":{"start":{"line":12,"column":0},"end":{"line":12,"column":76}},"12":{"start":{"line":13,"column":0},"end":{"line":13,"column":97}},"13":{"start":{"line":14,"column":0},"end":{"line":14,"column":82}},"14":{"start":{"line":15,"column":0},"end":{"line":15,"column":85}},"15":{"start":{"line":16,"column":0},"end":{"line":16,"column":0}},"16":{"start":{"line":17,"column":0},"end":{"line":17,"column":40}},"17":{"start":{"line":18,"column":0},"end":{"line":18,"column":13}},"18":{"start":{"line":19,"column":0},"end":{"line":19,"column":24}},"19":{"start":{"line":20,"column":0},"end":{"line":20,"column":21}},"20":{"start":{"line":21,"column":0},"end":{"line":21,"column":22}},"21":{"start":{"line":22,"column":0},"end":{"line":22,"column":19}},"22":{"start":{"line":23,"column":0},"end":{"line":23,"column":21}},"23":{"start":{"line":24,"column":0},"end":{"line":24,"column":22}},"24":{"start":{"line":25,"column":0},"end":{"line":25,"column":21}},"25":{"start":{"line":26,"column":0},"end":{"line":26,"column":28}},"26":{"start":{"line":27,"column":0},"end":{"line":27,"column":28}},"27":{"start":{"line":28,"column":0},"end":{"line":28,"column":28}},"28":{"start":{"line":29,"column":0},"end":{"line":29,"column":28}},"29":{"start":{"line":30,"column":0},"end":{"line":30,"column":36}},"30":{"start":{"line":31,"column":0},"end":{"line":31,"column":0}},"31":{"start":{"line":32,"column":0},"end":{"line":32,"column":22}},"32":{"start":{"line":33,"column":0},"end":{"line":33,"column":48}},"33":{"start":{"line":34,"column":0},"end":{"line":34,"column":90}},"34":{"start":{"line":35,"column":0},"end":{"line":35,"column":1}},"35":{"start":{"line":36,"column":0},"end":{"line":36,"column":0}},"36":{"start":{"line":37,"column":0},"end":{"line":37,"column":100}},"37":{"start":{"line":38,"column":0},"end":{"line":38,"column":45}},"38":{"start":{"line":39,"column":0},"end":{"line":39,"column":51}},"39":{"start":{"line":40,"column":0},"end":{"line":40,"column":51}},"40":{"start":{"line":41,"column":0},"end":{"line":41,"column":0}},"41":{"start":{"line":42,"column":0},"end":{"line":42,"column":10}},"42":{"start":{"line":43,"column":0},"end":{"line":43,"column":10}},"43":{"start":{"line":44,"column":0},"end":{"line":44,"column":16}},"44":{"start":{"line":45,"column":0},"end":{"line":45,"column":92}},"45":{"start":{"line":46,"column":0},"end":{"line":46,"column":23}},"46":{"start":{"line":47,"column":0},"end":{"line":47,"column":43}},"47":{"start":{"line":48,"column":0},"end":{"line":48,"column":43}},"48":{"start":{"line":49,"column":0},"end":{"line":49,"column":21}},"49":{"start":{"line":50,"column":0},"end":{"line":50,"column":29}},"50":{"start":{"line":51,"column":0},"end":{"line":51,"column":49}},"51":{"start":{"line":52,"column":0},"end":{"line":52,"column":53}},"52":{"start":{"line":53,"column":0},"end":{"line":53,"column":25}},"53":{"start":{"line":54,"column":0},"end":{"line":54,"column":37}},"54":{"start":{"line":55,"column":0},"end":{"line":55,"column":105}},"55":{"start":{"line":56,"column":0},"end":{"line":56,"column":49}},"56":{"start":{"line":57,"column":0},"end":{"line":57,"column":89}},"57":{"start":{"line":58,"column":0},"end":{"line":58,"column":31}},"58":{"start":{"line":59,"column":0},"end":{"line":59,"column":25}},"59":{"start":{"line":60,"column":0},"end":{"line":60,"column":18}},"60":{"start":{"line":61,"column":0},"end":{"line":61,"column":19}},"61":{"start":{"line":62,"column":0},"end":{"line":62,"column":39}},"62":{"start":{"line":63,"column":0},"end":{"line":63,"column":39}},"63":{"start":{"line":64,"column":0},"end":{"line":64,"column":17}},"64":{"start":{"line":65,"column":0},"end":{"line":65,"column":48}},"65":{"start":{"line":66,"column":0},"end":{"line":66,"column":61}},"66":{"start":{"line":67,"column":0},"end":{"line":67,"column":22}},"67":{"start":{"line":68,"column":0},"end":{"line":68,"column":21}},"68":{"start":{"line":69,"column":0},"end":{"line":69,"column":19}},"69":{"start":{"line":70,"column":0},"end":{"line":70,"column":39}},"70":{"start":{"line":71,"column":0},"end":{"line":71,"column":39}},"71":{"start":{"line":72,"column":0},"end":{"line":72,"column":17}},"72":{"start":{"line":73,"column":0},"end":{"line":73,"column":45}},"73":{"start":{"line":74,"column":0},"end":{"line":74,"column":55}},"74":{"start":{"line":75,"column":0},"end":{"line":75,"column":55}},"75":{"start":{"line":76,"column":0},"end":{"line":76,"column":49}},"76":{"start":{"line":77,"column":0},"end":{"line":77,"column":22}},"77":{"start":{"line":78,"column":0},"end":{"line":78,"column":21}},"78":{"start":{"line":79,"column":0},"end":{"line":79,"column":19}},"79":{"start":{"line":80,"column":0},"end":{"line":80,"column":39}},"80":{"start":{"line":81,"column":0},"end":{"line":81,"column":39}},"81":{"start":{"line":82,"column":0},"end":{"line":82,"column":17}},"82":{"start":{"line":83,"column":0},"end":{"line":83,"column":45}},"83":{"start":{"line":84,"column":0},"end":{"line":84,"column":55}},"84":{"start":{"line":85,"column":0},"end":{"line":85,"column":55}},"85":{"start":{"line":86,"column":0},"end":{"line":86,"column":22}},"86":{"start":{"line":87,"column":0},"end":{"line":87,"column":21}},"87":{"start":{"line":88,"column":0},"end":{"line":88,"column":19}},"88":{"start":{"line":89,"column":0},"end":{"line":89,"column":39}},"89":{"start":{"line":90,"column":0},"end":{"line":90,"column":39}},"90":{"start":{"line":91,"column":0},"end":{"line":91,"column":17}},"91":{"start":{"line":92,"column":0},"end":{"line":92,"column":40}},"92":{"start":{"line":93,"column":0},"end":{"line":93,"column":53}},"93":{"start":{"line":94,"column":0},"end":{"line":94,"column":22}},"94":{"start":{"line":95,"column":0},"end":{"line":95,"column":21}},"95":{"start":{"line":96,"column":0},"end":{"line":96,"column":19}},"96":{"start":{"line":97,"column":0},"end":{"line":97,"column":39}},"97":{"start":{"line":98,"column":0},"end":{"line":98,"column":39}},"98":{"start":{"line":99,"column":0},"end":{"line":99,"column":17}},"99":{"start":{"line":100,"column":0},"end":{"line":100,"column":47}},"100":{"start":{"line":101,"column":0},"end":{"line":101,"column":67}},"101":{"start":{"line":102,"column":0},"end":{"line":102,"column":22}},"102":{"start":{"line":103,"column":0},"end":{"line":103,"column":21}},"103":{"start":{"line":104,"column":0},"end":{"line":104,"column":19}},"104":{"start":{"line":105,"column":0},"end":{"line":105,"column":39}},"105":{"start":{"line":106,"column":0},"end":{"line":106,"column":39}},"106":{"start":{"line":107,"column":0},"end":{"line":107,"column":17}},"107":{"start":{"line":108,"column":0},"end":{"line":108,"column":42}},"108":{"start":{"line":109,"column":0},"end":{"line":109,"column":39}},"109":{"start":{"line":110,"column":0},"end":{"line":110,"column":39}},"110":{"start":{"line":111,"column":0},"end":{"line":111,"column":22}},"111":{"start":{"line":112,"column":0},"end":{"line":112,"column":21}},"112":{"start":{"line":113,"column":0},"end":{"line":113,"column":17}},"113":{"start":{"line":114,"column":0},"end":{"line":114,"column":24}},"114":{"start":{"line":115,"column":0},"end":{"line":115,"column":19}},"115":{"start":{"line":116,"column":0},"end":{"line":116,"column":48}},"116":{"start":{"line":117,"column":0},"end":{"line":117,"column":17}},"117":{"start":{"line":118,"column":0},"end":{"line":118,"column":23}},"118":{"start":{"line":119,"column":0},"end":{"line":119,"column":41}},"119":{"start":{"line":120,"column":0},"end":{"line":120,"column":43}},"120":{"start":{"line":121,"column":0},"end":{"line":121,"column":43}},"121":{"start":{"line":122,"column":0},"end":{"line":122,"column":21}},"122":{"start":{"line":123,"column":0},"end":{"line":123,"column":47}},"123":{"start":{"line":124,"column":0},"end":{"line":124,"column":51}},"124":{"start":{"line":125,"column":0},"end":{"line":125,"column":69}},"125":{"start":{"line":126,"column":0},"end":{"line":126,"column":65}},"126":{"start":{"line":127,"column":0},"end":{"line":127,"column":26}},"127":{"start":{"line":128,"column":0},"end":{"line":128,"column":25}},"128":{"start":{"line":129,"column":0},"end":{"line":129,"column":21}},"129":{"start":{"line":130,"column":0},"end":{"line":130,"column":14}},"130":{"start":{"line":131,"column":0},"end":{"line":131,"column":11}},"131":{"start":{"line":132,"column":0},"end":{"line":132,"column":3}},"132":{"start":{"line":133,"column":0},"end":{"line":133,"column":1}},"133":{"start":{"line":134,"column":0},"end":{"line":134,"column":0}},"134":{"start":{"line":135,"column":0},"end":{"line":135,"column":31}}},"s":{"0":1,"1":1,"2":1,"3":1,"4":1,"5":1,"6":1,"7":1,"8":1,"9":1,"10":1,"11":1,"12":1,"13":1,"14":1,"15":1,"16":1,"17":1,"18":1,"19":1,"20":1,"21":1,"22":1,"23":1,"24":1,"25":1,"26":1,"27":1,"28":1,"29":1,"30":1,"31":1,"32":1,"33":1,"34":1,"35":1,"36":1,"37":35,"38":35,"39":35,"40":35,"41":35,"42":35,"43":35,"44":35,"45":35,"46":35,"47":35,"48":35,"49":35,"50":35,"51":35,"52":35,"53":35,"54":35,"55":35,"56":35,"57":35,"58":35,"59":35,"60":35,"61":35,"62":35,"63":35,"64":35,"65":35,"66":35,"67":35,"68":35,"69":35,"70":35,"71":35,"72":35,"73":35,"74":35,"75":35,"76":35,"77":35,"78":35,"79":35,"80":35,"81":35,"82":35,"83":35,"84":35,"85":35,"86":35,"87":35,"88":35,"89":35,"90":35,"91":35,"92":35,"93":35,"94":35,"95":35,"96":35,"97":35,"98":35,"99":35,"100":35,"101":35,"102":35,"103":35,"104":35,"105":35,"106":35,"107":35,"108":35,"109":35,"110":35,"111":35,"112":35,"113":35,"114":35,"115":35,"116":35,"117":35,"118":35,"119":35,"120":35,"121":35,"122":35,"123":35,"124":35,"125":35,"126":35,"127":35,"128":35,"129":35,"130":35,"131":35,"132":35,"133":1,"134":1},"branchMap":{"0":{"type":"branch","line":37,"loc":{"start":{"line":37,"column":65},"end":{"line":133,"column":1}},"locations":[{"start":{"line":37,"column":65},"end":{"line":133,"column":1}}]},"1":{"type":"branch","line":40,"loc":{"start":{"line":40,"column":43},"end":{"line":40,"column":50}},"locations":[{"start":{"line":40,"column":43},"end":{"line":40,"column":50}}]},"2":{"type":"branch","line":40,"loc":{"start":{"line":40,"column":46},"end":{"line":40,"column":51}},"locations":[{"start":{"line":40,"column":46},"end":{"line":40,"column":51}}]},"3":{"type":"branch","line":45,"loc":{"start":{"line":45,"column":34},"end":{"line":45,"column":92}},"locations":[{"start":{"line":45,"column":34},"end":{"line":45,"column":92}}]}},"b":{"0":[35],"1":[33],"2":[1],"3":[33]},"fnMap":{"0":{"name":"ServicePolicyRow","decl":{"start":{"line":37,"column":65},"end":{"line":133,"column":1}},"loc":{"start":{"line":37,"column":65},"end":{"line":133,"column":1}},"line":37},"1":{"name":"toggle","decl":{"start":{"line":39,"column":17},"end":{"line":39,"column":51}},"loc":{"start":{"line":39,"column":17},"end":{"line":39,"column":51}},"line":39}},"f":{"0":35,"1":0}}
,"/Users/toritakashi/wp-telecommunications-business-act/frontend/src/components/ServicePolicy/ServicePolicyServiceName/ServicePolicyServiceName.tsx": {"path":"/Users/toritakashi/wp-telecommunications-business-act/frontend/src/components/ServicePolicy/ServicePolicyServiceName/ServicePolicyServiceName.tsx","all":false,"statementMap":{"0":{"start":{"line":1,"column":0},"end":{"line":1,"column":25}},"1":{"start":{"line":2,"column":0},"end":{"line":2,"column":45}},"2":{"start":{"line":3,"column":0},"end":{"line":3,"column":0}},"3":{"start":{"line":4,"column":0},"end":{"line":4,"column":48}},"4":{"start":{"line":5,"column":0},"end":{"line":5,"column":21}},"5":{"start":{"line":6,"column":0},"end":{"line":6,"column":22}},"6":{"start":{"line":7,"column":0},"end":{"line":7,"column":1}},"7":{"start":{"line":8,"column":0},"end":{"line":8,"column":0}},"8":{"start":{"line":9,"column":0},"end":{"line":9,"column":117}},"9":{"start":{"line":10,"column":0},"end":{"line":10,"column":10}},"10":{"start":{"line":11,"column":0},"end":{"line":11,"column":10}},"11":{"start":{"line":12,"column":0},"end":{"line":12,"column":32}},"12":{"start":{"line":13,"column":0},"end":{"line":13,"column":15}},"13":{"start":{"line":14,"column":0},"end":{"line":14,"column":34}},"14":{"start":{"line":15,"column":0},"end":{"line":15,"column":38}},"15":{"start":{"line":16,"column":0},"end":{"line":16,"column":9}},"16":{"start":{"line":17,"column":0},"end":{"line":17,"column":29}},"17":{"start":{"line":18,"column":0},"end":{"line":18,"column":15}},"18":{"start":{"line":19,"column":0},"end":{"line":19,"column":27}},"19":{"start":{"line":20,"column":0},"end":{"line":20,"column":7}},"20":{"start":{"line":21,"column":0},"end":{"line":21,"column":11}},"21":{"start":{"line":22,"column":0},"end":{"line":22,"column":3}},"22":{"start":{"line":23,"column":0},"end":{"line":23,"column":1}},"23":{"start":{"line":24,"column":0},"end":{"line":24,"column":0}},"24":{"start":{"line":25,"column":0},"end":{"line":25,"column":39}}},"s":{"0":1,"1":1,"2":1,"3":1,"4":1,"5":1,"6":1,"7":1,"8":1,"9":34,"10":34,"11":34,"12":34,"13":34,"14":34,"15":34,"16":34,"17":34,"18":34,"19":34,"20":34,"21":34,"22":34,"23":1,"24":1},"branchMap":{"0":{"type":"branch","line":9,"loc":{"start":{"line":9,"column":74},"end":{"line":23,"column":1}},"locations":[{"start":{"line":9,"column":74},"end":{"line":23,"column":1}}]},"1":{"type":"branch","line":19,"loc":{"start":{"line":19,"column":10},"end":{"line":19,"column":27}},"locations":[{"start":{"line":19,"column":10},"end":{"line":19,"column":27}}]}},"b":{"0":[34],"1":[0]},"fnMap":{"0":{"name":"ServicePolicyServiceName","decl":{"start":{"line":9,"column":74},"end":{"line":23,"column":1}},"loc":{"start":{"line":9,"column":74},"end":{"line":23,"column":1}},"line":9}},"f":{"0":34}}
,"/Users/toritakashi/wp-telecommunications-business-act/frontend/src/components/ServicePolicy/ServicePolicyShowMore/ServicePolicyShowMore.tsx": {"path":"/Users/toritakashi/wp-telecommunications-business-act/frontend/src/components/ServicePolicy/ServicePolicyShowMore/ServicePolicyShowMore.tsx","all":false,"statementMap":{"0":{"start":{"line":1,"column":0},"end":{"line":1,"column":25}},"1":{"start":{"line":2,"column":0},"end":{"line":2,"column":52}},"2":{"start":{"line":3,"column":0},"end":{"line":3,"column":62}},"3":{"start":{"line":4,"column":0},"end":{"line":4,"column":0}},"4":{"start":{"line":5,"column":0},"end":{"line":5,"column":45}},"5":{"start":{"line":6,"column":0},"end":{"line":6,"column":17}},"6":{"start":{"line":7,"column":0},"end":{"line":7,"column":20}},"7":{"start":{"line":8,"column":0},"end":{"line":8,"column":1}},"8":{"start":{"line":9,"column":0},"end":{"line":9,"column":0}},"9":{"start":{"line":10,"column":0},"end":{"line":10,"column":108}},"10":{"start":{"line":11,"column":0},"end":{"line":11,"column":10}},"11":{"start":{"line":12,"column":0},"end":{"line":12,"column":11}},"12":{"start":{"line":13,"column":0},"end":{"line":13,"column":17}},"13":{"start":{"line":14,"column":0},"end":{"line":14,"column":28}},"14":{"start":{"line":15,"column":0},"end":{"line":15,"column":14}},"15":{"start":{"line":16,"column":0},"end":{"line":16,"column":9}},"16":{"start":{"line":17,"column":0},"end":{"line":17,"column":27}},"17":{"start":{"line":18,"column":0},"end":{"line":18,"column":9}},"18":{"start":{"line":19,"column":0},"end":{"line":19,"column":7}},"19":{"start":{"line":20,"column":0},"end":{"line":20,"column":5}},"20":{"start":{"line":21,"column":0},"end":{"line":21,"column":11}},"21":{"start":{"line":22,"column":0},"end":{"line":22,"column":25}},"22":{"start":{"line":23,"column":0},"end":{"line":23,"column":7}},"23":{"start":{"line":24,"column":0},"end":{"line":24,"column":18}},"24":{"start":{"line":25,"column":0},"end":{"line":25,"column":13}},"25":{"start":{"line":26,"column":0},"end":{"line":26,"column":19}},"26":{"start":{"line":27,"column":0},"end":{"line":27,"column":11}},"27":{"start":{"line":28,"column":0},"end":{"line":28,"column":14}},"28":{"start":{"line":29,"column":0},"end":{"line":29,"column":22}},"29":{"start":{"line":30,"column":0},"end":{"line":30,"column":22}},"30":{"start":{"line":31,"column":0},"end":{"line":31,"column":11}},"31":{"start":{"line":32,"column":0},"end":{"line":32,"column":48}},"32":{"start":{"line":33,"column":0},"end":{"line":33,"column":16}},"33":{"start":{"line":34,"column":0},"end":{"line":34,"column":11}},"34":{"start":{"line":35,"column":0},"end":{"line":35,"column":11}},"35":{"start":{"line":36,"column":0},"end":{"line":36,"column":14}},"36":{"start":{"line":37,"column":0},"end":{"line":37,"column":22}},"37":{"start":{"line":38,"column":0},"end":{"line":38,"column":22}},"38":{"start":{"line":39,"column":0},"end":{"line":39,"column":11}},"39":{"start":{"line":40,"column":0},"end":{"line":40,"column":47}},"40":{"start":{"line":41,"column":0},"end":{"line":41,"column":16}},"41":{"start":{"line":42,"column":0},"end":{"line":42,"column":11}},"42":{"start":{"line":43,"column":0},"end":{"line":43,"column":7}},"43":{"start":{"line":44,"column":0},"end":{"line":44,"column":13}},"44":{"start":{"line":45,"column":0},"end":{"line":45,"column":3}},"45":{"start":{"line":46,"column":0},"end":{"line":46,"column":1}},"46":{"start":{"line":47,"column":0},"end":{"line":47,"column":0}},"47":{"start":{"line":48,"column":0},"end":{"line":48,"column":36}}},"s":{"0":1,"1":1,"2":1,"3":1,"4":1,"5":1,"6":1,"7":1,"8":1,"9":1,"10":34,"11":34,"12":34,"13":34,"14":34,"15":34,"16":34,"17":34,"18":34,"19":34,"20":34,"21":34,"22":34,"23":34,"24":34,"25":34,"26":0,"27":0,"28":0,"29":0,"30":0,"31":0,"32":0,"33":0,"34":0,"35":34,"36":34,"37":34,"38":34,"39":34,"40":34,"41":34,"42":34,"43":34,"44":34,"45":34,"46":1,"47":1},"branchMap":{"0":{"type":"branch","line":10,"loc":{"start":{"line":10,"column":68},"end":{"line":46,"column":1}},"locations":[{"start":{"line":10,"column":68},"end":{"line":46,"column":1}}]},"1":{"type":"branch","line":27,"loc":{"start":{"line":27,"column":-1},"end":{"line":36,"column":11}},"locations":[{"start":{"line":27,"column":-1},"end":{"line":36,"column":11}}]}},"b":{"0":[34],"1":[0]},"fnMap":{"0":{"name":"ServicePolicyShowMore","decl":{"start":{"line":10,"column":68},"end":{"line":46,"column":1}},"loc":{"start":{"line":10,"column":68},"end":{"line":46,"column":1}},"line":10}},"f":{"0":34}}
,"/Users/toritakashi/wp-telecommunications-business-act/frontend/src/components/TermsOfService/TermsOfService.tsx": {"path":"/Users/toritakashi/wp-telecommunications-business-act/frontend/src/components/TermsOfService/TermsOfService.tsx","all":false,"statementMap":{"0":{"start":{"line":1,"column":0},"end":{"line":1,"column":25}},"1":{"start":{"line":2,"column":0},"end":{"line":2,"column":0}},"2":{"start":{"line":3,"column":0},"end":{"line":3,"column":8}},"3":{"start":{"line":4,"column":0},"end":{"line":4,"column":6}},"4":{"start":{"line":5,"column":0},"end":{"line":5,"column":6}},"5":{"start":{"line":6,"column":0},"end":{"line":6,"column":25}},"6":{"start":{"line":7,"column":0},"end":{"line":7,"column":0}},"7":{"start":{"line":8,"column":0},"end":{"line":8,"column":40}},"8":{"start":{"line":9,"column":0},"end":{"line":9,"column":10}},"9":{"start":{"line":10,"column":0},"end":{"line":10,"column":13}},"10":{"start":{"line":11,"column":0},"end":{"line":11,"column":18}},"11":{"start":{"line":12,"column":0},"end":{"line":12,"column":20}},"12":{"start":{"line":13,"column":0},"end":{"line":13,"column":19}},"13":{"start":{"line":14,"column":0},"end":{"line":14,"column":14}},"14":{"start":{"line":15,"column":0},"end":{"line":15,"column":3}},"15":{"start":{"line":16,"column":0},"end":{"line":16,"column":1}},"16":{"start":{"line":17,"column":0},"end":{"line":17,"column":0}},"17":{"start":{"line":18,"column":0},"end":{"line":18,"column":29}}},"s":{"0":1,"1":1,"2":1,"3":1,"4":1,"5":1,"6":1,"7":1,"8":0,"9":0,"10":0,"11":0,"12":0,"13":0,"14":0,"15":0,"16":1,"17":1},"branchMap":{},"b":{},"fnMap":{"0":{"name":"TermsOfService","decl":{"start":{"line":8,"column":33},"end":{"line":16,"column":1}},"loc":{"start":{"line":8,"column":33},"end":{"line":16,"column":1}},"line":8}},"f":{"0":0}}
,"/Users/toritakashi/wp-telecommunications-business-act/frontend/src/feature/EnvironmentCheck/EnvironmentCheck.tsx": {"path":"/Users/toritakashi/wp-telecommunications-business-act/frontend/src/feature/EnvironmentCheck/EnvironmentCheck.tsx","all":false,"statementMap":{"0":{"start":{"line":1,"column":0},"end":{"line":1,"column":25}},"1":{"start":{"line":2,"column":0},"end":{"line":2,"column":8}},"2":{"start":{"line":3,"column":0},"end":{"line":3,"column":6}},"3":{"start":{"line":4,"column":0},"end":{"line":4,"column":7}},"4":{"start":{"line":5,"column":0},"end":{"line":5,"column":10}},"5":{"start":{"line":6,"column":0},"end":{"line":6,"column":8}},"6":{"start":{"line":7,"column":0},"end":{"line":7,"column":9}},"7":{"start":{"line":8,"column":0},"end":{"line":8,"column":14}},"8":{"start":{"line":9,"column":0},"end":{"line":9,"column":10}},"9":{"start":{"line":10,"column":0},"end":{"line":10,"column":25}},"10":{"start":{"line":11,"column":0},"end":{"line":11,"column":55}},"11":{"start":{"line":12,"column":0},"end":{"line":12,"column":0}},"12":{"start":{"line":13,"column":0},"end":{"line":13,"column":42}},"13":{"start":{"line":14,"column":0},"end":{"line":14,"column":10}},"14":{"start":{"line":15,"column":0},"end":{"line":15,"column":13}},"15":{"start":{"line":16,"column":0},"end":{"line":16,"column":18}},"16":{"start":{"line":17,"column":0},"end":{"line":17,"column":39}},"17":{"start":{"line":18,"column":0},"end":{"line":18,"column":27}},"18":{"start":{"line":19,"column":0},"end":{"line":19,"column":13}},"19":{"start":{"line":20,"column":0},"end":{"line":20,"column":22}},"20":{"start":{"line":21,"column":0},"end":{"line":21,"column":31}},"21":{"start":{"line":22,"column":0},"end":{"line":22,"column":17}},"22":{"start":{"line":23,"column":0},"end":{"line":23,"column":28}},"23":{"start":{"line":24,"column":0},"end":{"line":24,"column":84}},"24":{"start":{"line":25,"column":0},"end":{"line":25,"column":79}},"25":{"start":{"line":26,"column":0},"end":{"line":26,"column":29}},"26":{"start":{"line":27,"column":0},"end":{"line":27,"column":82}},"27":{"start":{"line":28,"column":0},"end":{"line":28,"column":24}},"28":{"start":{"line":29,"column":0},"end":{"line":29,"column":22}},"29":{"start":{"line":30,"column":0},"end":{"line":30,"column":31}},"30":{"start":{"line":31,"column":0},"end":{"line":31,"column":17}},"31":{"start":{"line":32,"column":0},"end":{"line":32,"column":28}},"32":{"start":{"line":33,"column":0},"end":{"line":33,"column":92}},"33":{"start":{"line":34,"column":0},"end":{"line":34,"column":62}},"34":{"start":{"line":35,"column":0},"end":{"line":35,"column":29}},"35":{"start":{"line":36,"column":0},"end":{"line":36,"column":33}},"36":{"start":{"line":37,"column":0},"end":{"line":37,"column":34}},"37":{"start":{"line":38,"column":0},"end":{"line":38,"column":78}},"38":{"start":{"line":39,"column":0},"end":{"line":39,"column":35}},"39":{"start":{"line":40,"column":0},"end":{"line":40,"column":34}},"40":{"start":{"line":41,"column":0},"end":{"line":41,"column":72}},"41":{"start":{"line":42,"column":0},"end":{"line":42,"column":35}},"42":{"start":{"line":43,"column":0},"end":{"line":43,"column":34}},"43":{"start":{"line":44,"column":0},"end":{"line":44,"column":24}},"44":{"start":{"line":45,"column":0},"end":{"line":45,"column":20}},"45":{"start":{"line":46,"column":0},"end":{"line":46,"column":14}},"46":{"start":{"line":47,"column":0},"end":{"line":47,"column":3}},"47":{"start":{"line":48,"column":0},"end":{"line":48,"column":1}},"48":{"start":{"line":49,"column":0},"end":{"line":49,"column":0}},"49":{"start":{"line":50,"column":0},"end":{"line":50,"column":31}}},"s":{"0":1,"1":1,"2":1,"3":1,"4":1,"5":1,"6":1,"7":1,"8":1,"9":1,"10":1,"11":1,"12":1,"13":0,"14":0,"15":0,"16":0,"17":0,"18":0,"19":0,"20":0,"21":0,"22":0,"23":0,"24":0,"25":0,"26":0,"27":0,"28":0,"29":0,"30":0,"31":0,"32":0,"33":0,"34":0,"35":0,"36":0,"37":0,"38":0,"39":0,"40":0,"41":0,"42":0,"43":0,"44":0,"45":0,"46":0,"47":0,"48":1,"49":1},"branchMap":{},"b":{},"fnMap":{"0":{"name":"EnvironmentCheck","decl":{"start":{"line":13,"column":35},"end":{"line":48,"column":1}},"loc":{"start":{"line":13,"column":35},"end":{"line":48,"column":1}},"line":13}},"f":{"0":0}}
,"/Users/toritakashi/wp-telecommunications-business-act/frontend/src/feature/ListSelectedService/ListSelectedService.tsx": {"path":"/Users/toritakashi/wp-telecommunications-business-act/frontend/src/feature/ListSelectedService/ListSelectedService.tsx","all":false,"statementMap":{"0":{"start":{"line":1,"column":0},"end":{"line":1,"column":50}},"1":{"start":{"line":2,"column":0},"end":{"line":2,"column":8}},"2":{"start":{"line":3,"column":0},"end":{"line":3,"column":8}},"3":{"start":{"line":4,"column":0},"end":{"line":4,"column":8}},"4":{"start":{"line":5,"column":0},"end":{"line":5,"column":7}},"5":{"start":{"line":6,"column":0},"end":{"line":6,"column":25}},"6":{"start":{"line":7,"column":0},"end":{"line":7,"column":104}},"7":{"start":{"line":8,"column":0},"end":{"line":8,"column":95}},"8":{"start":{"line":9,"column":0},"end":{"line":9,"column":90}},"9":{"start":{"line":10,"column":0},"end":{"line":10,"column":0}},"10":{"start":{"line":11,"column":0},"end":{"line":11,"column":65}},"11":{"start":{"line":12,"column":0},"end":{"line":12,"column":66}},"12":{"start":{"line":13,"column":0},"end":{"line":13,"column":75}},"13":{"start":{"line":14,"column":0},"end":{"line":14,"column":0}},"14":{"start":{"line":15,"column":0},"end":{"line":15,"column":45}},"15":{"start":{"line":16,"column":0},"end":{"line":16,"column":134}},"16":{"start":{"line":17,"column":0},"end":{"line":17,"column":0}},"17":{"start":{"line":18,"column":0},"end":{"line":18,"column":19}},"18":{"start":{"line":19,"column":0},"end":{"line":19,"column":61}},"19":{"start":{"line":20,"column":0},"end":{"line":20,"column":85}},"20":{"start":{"line":21,"column":0},"end":{"line":21,"column":23}},"21":{"start":{"line":22,"column":0},"end":{"line":22,"column":22}},"22":{"start":{"line":23,"column":0},"end":{"line":23,"column":6}},"23":{"start":{"line":24,"column":0},"end":{"line":24,"column":8}},"24":{"start":{"line":25,"column":0},"end":{"line":25,"column":0}},"25":{"start":{"line":26,"column":0},"end":{"line":26,"column":10}},"26":{"start":{"line":27,"column":0},"end":{"line":27,"column":11}},"27":{"start":{"line":28,"column":0},"end":{"line":28,"column":13}},"28":{"start":{"line":29,"column":0},"end":{"line":29,"column":51}},"29":{"start":{"line":30,"column":0},"end":{"line":30,"column":14}},"30":{"start":{"line":31,"column":0},"end":{"line":31,"column":13}},"31":{"start":{"line":32,"column":0},"end":{"line":32,"column":59}},"32":{"start":{"line":33,"column":0},"end":{"line":33,"column":68}},"33":{"start":{"line":34,"column":0},"end":{"line":34,"column":18}},"34":{"start":{"line":35,"column":0},"end":{"line":35,"column":29}},"35":{"start":{"line":36,"column":0},"end":{"line":36,"column":23}},"36":{"start":{"line":37,"column":0},"end":{"line":37,"column":25}},"37":{"start":{"line":38,"column":0},"end":{"line":38,"column":33}},"38":{"start":{"line":39,"column":0},"end":{"line":39,"column":14}},"39":{"start":{"line":40,"column":0},"end":{"line":40,"column":11}},"40":{"start":{"line":41,"column":0},"end":{"line":41,"column":10}},"41":{"start":{"line":42,"column":0},"end":{"line":42,"column":9}},"42":{"start":{"line":43,"column":0},"end":{"line":43,"column":14}},"43":{"start":{"line":44,"column":0},"end":{"line":44,"column":12}},"44":{"start":{"line":45,"column":0},"end":{"line":45,"column":3}},"45":{"start":{"line":46,"column":0},"end":{"line":46,"column":1}},"46":{"start":{"line":47,"column":0},"end":{"line":47,"column":0}},"47":{"start":{"line":48,"column":0},"end":{"line":48,"column":34}}},"s":{"0":1,"1":1,"2":1,"3":1,"4":1,"5":1,"6":1,"7":1,"8":1,"9":1,"10":1,"11":1,"12":1,"13":1,"14":1,"15":4,"16":4,"17":4,"18":4,"19":4,"20":4,"21":0,"22":0,"23":4,"24":4,"25":4,"26":4,"27":4,"28":4,"29":4,"30":4,"31":4,"32":0,"33":0,"34":0,"35":0,"36":0,"37":0,"38":0,"39":0,"40":0,"41":4,"42":4,"43":4,"44":4,"45":4,"46":1,"47":1},"branchMap":{"0":{"type":"branch","line":15,"loc":{"start":{"line":15,"column":38},"end":{"line":46,"column":1}},"locations":[{"start":{"line":15,"column":38},"end":{"line":46,"column":1}}]},"1":{"type":"branch","line":18,"loc":{"start":{"line":18,"column":12},"end":{"line":24,"column":5}},"locations":[{"start":{"line":18,"column":12},"end":{"line":24,"column":5}}]},"2":{"type":"branch","line":19,"loc":{"start":{"line":19,"column":51},"end":{"line":21,"column":7}},"locations":[{"start":{"line":19,"column":51},"end":{"line":21,"column":7}}]}},"b":{"0":[4],"1":[4],"2":[4]},"fnMap":{"0":{"name":"ListSelectedService","decl":{"start":{"line":15,"column":38},"end":{"line":46,"column":1}},"loc":{"start":{"line":15,"column":38},"end":{"line":46,"column":1}},"line":15}},"f":{"0":4}}
,"/Users/toritakashi/wp-telecommunications-business-act/frontend/src/feature/Register/Register.tsx": {"path":"/Users/toritakashi/wp-telecommunications-business-act/frontend/src/feature/Register/Register.tsx","all":false,"statementMap":{"0":{"start":{"line":1,"column":0},"end":{"line":1,"column":25}},"1":{"start":{"line":2,"column":0},"end":{"line":2,"column":8}},"2":{"start":{"line":3,"column":0},"end":{"line":3,"column":10}},"3":{"start":{"line":4,"column":0},"end":{"line":4,"column":9}},"4":{"start":{"line":5,"column":0},"end":{"line":5,"column":9}},"5":{"start":{"line":6,"column":0},"end":{"line":6,"column":12}},"6":{"start":{"line":7,"column":0},"end":{"line":7,"column":14}},"7":{"start":{"line":8,"column":0},"end":{"line":8,"column":8}},"8":{"start":{"line":9,"column":0},"end":{"line":9,"column":9}},"9":{"start":{"line":10,"column":0},"end":{"line":10,"column":11}},"10":{"start":{"line":11,"column":0},"end":{"line":11,"column":6}},"11":{"start":{"line":12,"column":0},"end":{"line":12,"column":25}},"12":{"start":{"line":13,"column":0},"end":{"line":13,"column":41}},"13":{"start":{"line":14,"column":0},"end":{"line":14,"column":65}},"14":{"start":{"line":15,"column":0},"end":{"line":15,"column":59}},"15":{"start":{"line":16,"column":0},"end":{"line":16,"column":74}},"16":{"start":{"line":17,"column":0},"end":{"line":17,"column":75}},"17":{"start":{"line":18,"column":0},"end":{"line":18,"column":0}},"18":{"start":{"line":19,"column":0},"end":{"line":19,"column":32}},"19":{"start":{"line":20,"column":0},"end":{"line":20,"column":15}},"20":{"start":{"line":21,"column":0},"end":{"line":21,"column":1}},"21":{"start":{"line":22,"column":0},"end":{"line":22,"column":0}},"22":{"start":{"line":23,"column":0},"end":{"line":23,"column":30}},"23":{"start":{"line":24,"column":0},"end":{"line":24,"column":15}},"24":{"start":{"line":25,"column":0},"end":{"line":25,"column":21}},"25":{"start":{"line":26,"column":0},"end":{"line":26,"column":1}},"26":{"start":{"line":27,"column":0},"end":{"line":27,"column":0}},"27":{"start":{"line":28,"column":0},"end":{"line":28,"column":69}},"28":{"start":{"line":29,"column":0},"end":{"line":29,"column":9}},"29":{"start":{"line":30,"column":0},"end":{"line":30,"column":17}},"30":{"start":{"line":31,"column":0},"end":{"line":31,"column":13}},"31":{"start":{"line":32,"column":0},"end":{"line":32,"column":39}},"32":{"start":{"line":33,"column":0},"end":{"line":33,"column":35}},"33":{"start":{"line":34,"column":0},"end":{"line":34,"column":20}},"34":{"start":{"line":35,"column":0},"end":{"line":35,"column":25}},"35":{"start":{"line":36,"column":0},"end":{"line":36,"column":22}},"36":{"start":{"line":37,"column":0},"end":{"line":37,"column":6}},"37":{"start":{"line":38,"column":0},"end":{"line":38,"column":20}},"38":{"start":{"line":39,"column":0},"end":{"line":39,"column":4}},"39":{"start":{"line":40,"column":0},"end":{"line":40,"column":0}},"40":{"start":{"line":41,"column":0},"end":{"line":41,"column":94}},"41":{"start":{"line":42,"column":0},"end":{"line":42,"column":41}},"42":{"start":{"line":43,"column":0},"end":{"line":43,"column":28}},"43":{"start":{"line":44,"column":0},"end":{"line":44,"column":38}},"44":{"start":{"line":45,"column":0},"end":{"line":45,"column":5}},"45":{"start":{"line":46,"column":0},"end":{"line":46,"column":59}},"46":{"start":{"line":47,"column":0},"end":{"line":47,"column":30}},"47":{"start":{"line":48,"column":0},"end":{"line":48,"column":5}},"48":{"start":{"line":49,"column":0},"end":{"line":49,"column":22}},"49":{"start":{"line":50,"column":0},"end":{"line":50,"column":22}},"50":{"start":{"line":51,"column":0},"end":{"line":51,"column":5}},"51":{"start":{"line":52,"column":0},"end":{"line":52,"column":5}},"52":{"start":{"line":53,"column":0},"end":{"line":53,"column":3}},"53":{"start":{"line":54,"column":0},"end":{"line":54,"column":0}},"54":{"start":{"line":55,"column":0},"end":{"line":55,"column":10}},"55":{"start":{"line":56,"column":0},"end":{"line":56,"column":12}},"56":{"start":{"line":57,"column":0},"end":{"line":57,"column":43}},"57":{"start":{"line":58,"column":0},"end":{"line":58,"column":22}},"58":{"start":{"line":59,"column":0},"end":{"line":59,"column":31}},"59":{"start":{"line":60,"column":0},"end":{"line":60,"column":57}},"60":{"start":{"line":61,"column":0},"end":{"line":61,"column":8}},"61":{"start":{"line":62,"column":0},"end":{"line":62,"column":16}},"62":{"start":{"line":63,"column":0},"end":{"line":63,"column":28}},"63":{"start":{"line":64,"column":0},"end":{"line":64,"column":23}},"64":{"start":{"line":65,"column":0},"end":{"line":65,"column":19}},"65":{"start":{"line":66,"column":0},"end":{"line":66,"column":30}},"66":{"start":{"line":67,"column":0},"end":{"line":67,"column":13}},"67":{"start":{"line":68,"column":0},"end":{"line":68,"column":23}},"68":{"start":{"line":69,"column":0},"end":{"line":69,"column":37}},"69":{"start":{"line":70,"column":0},"end":{"line":70,"column":43}},"70":{"start":{"line":71,"column":0},"end":{"line":71,"column":16}},"71":{"start":{"line":72,"column":0},"end":{"line":72,"column":24}},"72":{"start":{"line":73,"column":0},"end":{"line":73,"column":21}},"73":{"start":{"line":74,"column":0},"end":{"line":74,"column":63}},"74":{"start":{"line":75,"column":0},"end":{"line":75,"column":21}},"75":{"start":{"line":76,"column":0},"end":{"line":76,"column":24}},"76":{"start":{"line":77,"column":0},"end":{"line":77,"column":0}},"77":{"start":{"line":78,"column":0},"end":{"line":78,"column":23}},"78":{"start":{"line":79,"column":0},"end":{"line":79,"column":0}},"79":{"start":{"line":80,"column":0},"end":{"line":80,"column":19}},"80":{"start":{"line":81,"column":0},"end":{"line":81,"column":24}},"81":{"start":{"line":82,"column":0},"end":{"line":82,"column":35}},"82":{"start":{"line":83,"column":0},"end":{"line":83,"column":13}},"83":{"start":{"line":84,"column":0},"end":{"line":84,"column":24}},"84":{"start":{"line":85,"column":0},"end":{"line":85,"column":27}},"85":{"start":{"line":86,"column":0},"end":{"line":86,"column":21}},"86":{"start":{"line":87,"column":0},"end":{"line":87,"column":34}},"87":{"start":{"line":88,"column":0},"end":{"line":88,"column":20}},"88":{"start":{"line":89,"column":0},"end":{"line":89,"column":26}},"89":{"start":{"line":90,"column":0},"end":{"line":90,"column":28}},"90":{"start":{"line":91,"column":0},"end":{"line":91,"column":39}},"91":{"start":{"line":92,"column":0},"end":{"line":92,"column":48}},"92":{"start":{"line":93,"column":0},"end":{"line":93,"column":28}},"93":{"start":{"line":94,"column":0},"end":{"line":94,"column":61}},"94":{"start":{"line":95,"column":0},"end":{"line":95,"column":52}},"95":{"start":{"line":96,"column":0},"end":{"line":96,"column":19}},"96":{"start":{"line":97,"column":0},"end":{"line":97,"column":19}},"97":{"start":{"line":98,"column":0},"end":{"line":98,"column":16}},"98":{"start":{"line":99,"column":0},"end":{"line":99,"column":21}},"99":{"start":{"line":100,"column":0},"end":{"line":100,"column":24}},"100":{"start":{"line":101,"column":0},"end":{"line":101,"column":38}},"101":{"start":{"line":102,"column":0},"end":{"line":102,"column":61}},"102":{"start":{"line":103,"column":0},"end":{"line":103,"column":12}},"103":{"start":{"line":104,"column":0},"end":{"line":104,"column":53}},"104":{"start":{"line":105,"column":0},"end":{"line":105,"column":39}},"105":{"start":{"line":106,"column":0},"end":{"line":106,"column":21}},"106":{"start":{"line":107,"column":0},"end":{"line":107,"column":34}},"107":{"start":{"line":108,"column":0},"end":{"line":108,"column":40}},"108":{"start":{"line":109,"column":0},"end":{"line":109,"column":34}},"109":{"start":{"line":110,"column":0},"end":{"line":110,"column":30}},"110":{"start":{"line":111,"column":0},"end":{"line":111,"column":29}},"111":{"start":{"line":112,"column":0},"end":{"line":112,"column":23}},"112":{"start":{"line":113,"column":0},"end":{"line":113,"column":14}},"113":{"start":{"line":114,"column":0},"end":{"line":114,"column":38}},"114":{"start":{"line":115,"column":0},"end":{"line":115,"column":19}},"115":{"start":{"line":116,"column":0},"end":{"line":116,"column":32}},"116":{"start":{"line":117,"column":0},"end":{"line":117,"column":38}},"117":{"start":{"line":118,"column":0},"end":{"line":118,"column":31}},"118":{"start":{"line":119,"column":0},"end":{"line":119,"column":28}},"119":{"start":{"line":120,"column":0},"end":{"line":120,"column":27}},"120":{"start":{"line":121,"column":0},"end":{"line":121,"column":21}},"121":{"start":{"line":122,"column":0},"end":{"line":122,"column":0}},"122":{"start":{"line":123,"column":0},"end":{"line":123,"column":12}},"123":{"start":{"line":124,"column":0},"end":{"line":124,"column":17}},"124":{"start":{"line":125,"column":0},"end":{"line":125,"column":13}},"125":{"start":{"line":126,"column":0},"end":{"line":126,"column":14}},"126":{"start":{"line":127,"column":0},"end":{"line":127,"column":3}},"127":{"start":{"line":128,"column":0},"end":{"line":128,"column":1}},"128":{"start":{"line":129,"column":0},"end":{"line":129,"column":0}},"129":{"start":{"line":130,"column":0},"end":{"line":130,"column":23}}},"s":{"0":1,"1":1,"2":1,"3":1,"4":1,"5":1,"6":1,"7":1,"8":1,"9":1,"10":1,"11":1,"12":1,"13":1,"14":1,"15":1,"16":1,"17":1,"18":1,"19":1,"20":1,"21":1,"22":1,"23":1,"24":1,"25":1,"26":1,"27":1,"28":0,"29":0,"30":0,"31":0,"32":0,"33":0,"34":0,"35":0,"36":0,"37":0,"38":0,"39":0,"40":0,"41":0,"42":0,"43":0,"44":0,"45":0,"46":0,"47":0,"48":0,"49":0,"50":0,"51":0,"52":0,"53":0,"54":0,"55":0,"56":0,"57":0,"58":0,"59":0,"60":0,"61":0,"62":0,"63":0,"64":0,"65":0,"66":0,"67":0,"68":0,"69":0,"70":0,"71":0,"72":0,"73":0,"74":0,"75":0,"76":0,"77":0,"78":0,"79":0,"80":0,"81":0,"82":0,"83":0,"84":0,"85":0,"86":0,"87":0,"88":0,"89":0,"90":0,"91":0,"92":0,"93":0,"94":0,"95":0,"96":0,"97":0,"98":0,"99":0,"100":0,"101":0,"102":0,"103":0,"104":0,"105":0,"106":0,"107":0,"108":0,"109":0,"110":0,"111":0,"112":0,"113":0,"114":0,"115":0,"116":0,"117":0,"118":0,"119":0,"120":0,"121":0,"122":0,"123":0,"124":0,"125":0,"126":0,"127":0,"128":1,"129":1},"branchMap":{},"b":{},"fnMap":{"0":{"name":"Register","decl":{"start":{"line":28,"column":42},"end":{"line":128,"column":1}},"loc":{"start":{"line":28,"column":42},"end":{"line":128,"column":1}},"line":28}},"f":{"0":0}}
,"/Users/toritakashi/wp-telecommunications-business-act/frontend/src/feature/ServiceSelect/ServiceSelect.tsx": {"path":"/Users/toritakashi/wp-telecommunications-business-act/frontend/src/feature/ServiceSelect/ServiceSelect.tsx","all":false,"statementMap":{"0":{"start":{"line":1,"column":0},"end":{"line":1,"column":25}},"1":{"start":{"line":2,"column":0},"end":{"line":2,"column":8}},"2":{"start":{"line":3,"column":0},"end":{"line":3,"column":8}},"3":{"start":{"line":4,"column":0},"end":{"line":4,"column":8}},"4":{"start":{"line":5,"column":0},"end":{"line":5,"column":7}},"5":{"start":{"line":6,"column":0},"end":{"line":6,"column":25}},"6":{"start":{"line":7,"column":0},"end":{"line":7,"column":90}},"7":{"start":{"line":8,"column":0},"end":{"line":8,"column":104}},"8":{"start":{"line":9,"column":0},"end":{"line":9,"column":95}},"9":{"start":{"line":10,"column":0},"end":{"line":10,"column":0}},"10":{"start":{"line":11,"column":0},"end":{"line":11,"column":65}},"11":{"start":{"line":12,"column":0},"end":{"line":12,"column":66}},"12":{"start":{"line":13,"column":0},"end":{"line":13,"column":81}},"13":{"start":{"line":14,"column":0},"end":{"line":14,"column":0}},"14":{"start":{"line":15,"column":0},"end":{"line":15,"column":37}},"15":{"start":{"line":16,"column":0},"end":{"line":16,"column":47}},"16":{"start":{"line":17,"column":0},"end":{"line":17,"column":88}},"17":{"start":{"line":18,"column":0},"end":{"line":18,"column":1}},"18":{"start":{"line":19,"column":0},"end":{"line":19,"column":0}},"19":{"start":{"line":20,"column":0},"end":{"line":20,"column":84}},"20":{"start":{"line":21,"column":0},"end":{"line":21,"column":115}},"21":{"start":{"line":22,"column":0},"end":{"line":22,"column":125}},"22":{"start":{"line":23,"column":0},"end":{"line":23,"column":66}},"23":{"start":{"line":24,"column":0},"end":{"line":24,"column":94}},"24":{"start":{"line":25,"column":0},"end":{"line":25,"column":23}},"25":{"start":{"line":26,"column":0},"end":{"line":26,"column":22}},"26":{"start":{"line":27,"column":0},"end":{"line":27,"column":6}},"27":{"start":{"line":28,"column":0},"end":{"line":28,"column":3}},"28":{"start":{"line":29,"column":0},"end":{"line":29,"column":0}},"29":{"start":{"line":30,"column":0},"end":{"line":30,"column":99}},"30":{"start":{"line":31,"column":0},"end":{"line":31,"column":30}},"31":{"start":{"line":32,"column":0},"end":{"line":32,"column":66}},"32":{"start":{"line":33,"column":0},"end":{"line":33,"column":129}},"33":{"start":{"line":34,"column":0},"end":{"line":34,"column":89}},"34":{"start":{"line":35,"column":0},"end":{"line":35,"column":12}},"35":{"start":{"line":36,"column":0},"end":{"line":36,"column":108}},"36":{"start":{"line":37,"column":0},"end":{"line":37,"column":89}},"37":{"start":{"line":38,"column":0},"end":{"line":38,"column":5}},"38":{"start":{"line":39,"column":0},"end":{"line":39,"column":3}},"39":{"start":{"line":40,"column":0},"end":{"line":40,"column":0}},"40":{"start":{"line":41,"column":0},"end":{"line":41,"column":10}},"41":{"start":{"line":42,"column":0},"end":{"line":42,"column":11}},"42":{"start":{"line":43,"column":0},"end":{"line":43,"column":13}},"43":{"start":{"line":44,"column":0},"end":{"line":44,"column":50}},"44":{"start":{"line":45,"column":0},"end":{"line":45,"column":14}},"45":{"start":{"line":46,"column":0},"end":{"line":46,"column":13}},"46":{"start":{"line":47,"column":0},"end":{"line":47,"column":65}},"47":{"start":{"line":48,"column":0},"end":{"line":48,"column":27}},"48":{"start":{"line":49,"column":0},"end":{"line":49,"column":28}},"49":{"start":{"line":50,"column":0},"end":{"line":50,"column":23}},"50":{"start":{"line":51,"column":0},"end":{"line":51,"column":30}},"51":{"start":{"line":52,"column":0},"end":{"line":52,"column":91}},"52":{"start":{"line":53,"column":0},"end":{"line":53,"column":92}},"53":{"start":{"line":54,"column":0},"end":{"line":54,"column":11}},"54":{"start":{"line":55,"column":0},"end":{"line":55,"column":14}},"55":{"start":{"line":56,"column":0},"end":{"line":56,"column":12}},"56":{"start":{"line":57,"column":0},"end":{"line":57,"column":3}},"57":{"start":{"line":58,"column":0},"end":{"line":58,"column":1}},"58":{"start":{"line":59,"column":0},"end":{"line":59,"column":0}},"59":{"start":{"line":60,"column":0},"end":{"line":60,"column":28}}},"s":{"0":1,"1":1,"2":1,"3":1,"4":1,"5":1,"6":1,"7":1,"8":1,"9":1,"10":1,"11":1,"12":1,"13":1,"14":1,"15":1,"16":1,"17":1,"18":1,"19":1,"20":1,"21":0,"22":0,"23":0,"24":0,"25":0,"26":0,"27":0,"28":1,"29":1,"30":0,"31":0,"32":0,"33":0,"34":0,"35":0,"36":0,"37":0,"38":0,"39":1,"40":1,"41":1,"42":1,"43":1,"44":1,"45":1,"46":1,"47":1,"48":1,"49":1,"50":1,"51":1,"52":1,"53":1,"54":1,"55":1,"56":1,"57":1,"58":1,"59":1},"branchMap":{"0":{"type":"branch","line":20,"loc":{"start":{"line":20,"column":52},"end":{"line":58,"column":1}},"locations":[{"start":{"line":20,"column":52},"end":{"line":58,"column":1}}]}},"b":{"0":[1]},"fnMap":{"0":{"name":"ServiceSelect","decl":{"start":{"line":20,"column":52},"end":{"line":58,"column":1}},"loc":{"start":{"line":20,"column":52},"end":{"line":58,"column":1}},"line":20},"1":{"name":"syncSelectedServiceOfficialPoliciesUids","decl":{"start":{"line":21,"column":50},"end":{"line":28,"column":3}},"loc":{"start":{"line":21,"column":50},"end":{"line":28,"column":3}},"line":21},"2":{"name":"handleChangeServiceOfficialPolicyUids","decl":{"start":{"line":30,"column":48},"end":{"line":39,"column":3}},"loc":{"start":{"line":30,"column":48},"end":{"line":39,"column":3}},"line":30}},"f":{"0":1,"1":0,"2":0}}
,"/Users/toritakashi/wp-telecommunications-business-act/frontend/src/lib/axios-config/axios-config.ts": {"path":"/Users/toritakashi/wp-telecommunications-business-act/frontend/src/lib/axios-config/axios-config.ts","all":false,"statementMap":{"0":{"start":{"line":1,"column":0},"end":{"line":1,"column":47}},"1":{"start":{"line":2,"column":0},"end":{"line":2,"column":0}},"2":{"start":{"line":3,"column":0},"end":{"line":3,"column":26}},"3":{"start":{"line":4,"column":0},"end":{"line":4,"column":0}},"4":{"start":{"line":5,"column":0},"end":{"line":5,"column":24}},"5":{"start":{"line":6,"column":0},"end":{"line":6,"column":19}},"6":{"start":{"line":7,"column":0},"end":{"line":7,"column":1}},"7":{"start":{"line":8,"column":0},"end":{"line":8,"column":0}},"8":{"start":{"line":9,"column":0},"end":{"line":9,"column":45}},"9":{"start":{"line":10,"column":0},"end":{"line":10,"column":53}},"10":{"start":{"line":11,"column":0},"end":{"line":11,"column":12}},"11":{"start":{"line":12,"column":0},"end":{"line":12,"column":32}},"12":{"start":{"line":13,"column":0},"end":{"line":13,"column":3}},"13":{"start":{"line":14,"column":0},"end":{"line":14,"column":1}},"14":{"start":{"line":15,"column":0},"end":{"line":15,"column":30}}},"s":{"0":1,"1":1,"2":1,"3":1,"4":1,"5":1,"6":1,"7":1,"8":1,"9":1,"10":1,"11":1,"12":1,"13":1,"14":1},"branchMap":{},"b":{},"fnMap":{},"f":{}}
,"/Users/toritakashi/wp-telecommunications-business-act/frontend/src/lib/plugin/client.ts": {"path":"/Users/toritakashi/wp-telecommunications-business-act/frontend/src/lib/plugin/client.ts","all":false,"statementMap":{"0":{"start":{"line":1,"column":0},"end":{"line":1,"column":3}},"1":{"start":{"line":2,"column":0},"end":{"line":2,"column":32}},"2":{"start":{"line":3,"column":0},"end":{"line":3,"column":24}},"3":{"start":{"line":4,"column":0},"end":{"line":4,"column":18}},"4":{"start":{"line":5,"column":0},"end":{"line":5,"column":18}},"5":{"start":{"line":6,"column":0},"end":{"line":6,"column":30}},"6":{"start":{"line":7,"column":0},"end":{"line":7,"column":3}},"7":{"start":{"line":8,"column":0},"end":{"line":8,"column":31}},"8":{"start":{"line":9,"column":0},"end":{"line":9,"column":13}},"9":{"start":{"line":10,"column":0},"end":{"line":10,"column":21}},"10":{"start":{"line":11,"column":0},"end":{"line":11,"column":15}},"11":{"start":{"line":12,"column":0},"end":{"line":12,"column":14}},"12":{"start":{"line":13,"column":0},"end":{"line":13,"column":13}},"13":{"start":{"line":14,"column":0},"end":{"line":14,"column":27}},"14":{"start":{"line":15,"column":0},"end":{"line":15,"column":22}},"15":{"start":{"line":16,"column":0},"end":{"line":16,"column":29}},"16":{"start":{"line":17,"column":0},"end":{"line":17,"column":34}},"17":{"start":{"line":18,"column":0},"end":{"line":18,"column":25}},"18":{"start":{"line":19,"column":0},"end":{"line":19,"column":0}},"19":{"start":{"line":20,"column":0},"end":{"line":20,"column":0}},"20":{"start":{"line":21,"column":0},"end":{"line":21,"column":0}},"21":{"start":{"line":22,"column":0},"end":{"line":22,"column":5}},"22":{"start":{"line":23,"column":0},"end":{"line":23,"column":23}},"23":{"start":{"line":24,"column":0},"end":{"line":24,"column":22}},"24":{"start":{"line":25,"column":0},"end":{"line":25,"column":3}},"25":{"start":{"line":26,"column":0},"end":{"line":26,"column":82}},"26":{"start":{"line":27,"column":0},"end":{"line":27,"column":33}},"27":{"start":{"line":28,"column":0},"end":{"line":28,"column":23}},"28":{"start":{"line":29,"column":0},"end":{"line":29,"column":29}},"29":{"start":{"line":30,"column":0},"end":{"line":30,"column":31}},"30":{"start":{"line":31,"column":0},"end":{"line":31,"column":6}},"31":{"start":{"line":32,"column":0},"end":{"line":32,"column":3}},"32":{"start":{"line":33,"column":0},"end":{"line":33,"column":0}},"33":{"start":{"line":34,"column":0},"end":{"line":34,"column":3}},"34":{"start":{"line":35,"column":0},"end":{"line":35,"column":25}},"35":{"start":{"line":36,"column":0},"end":{"line":36,"column":23}},"36":{"start":{"line":37,"column":0},"end":{"line":37,"column":3}},"37":{"start":{"line":38,"column":0},"end":{"line":38,"column":63}},"38":{"start":{"line":39,"column":0},"end":{"line":39,"column":74}},"39":{"start":{"line":40,"column":0},"end":{"line":40,"column":23}},"40":{"start":{"line":41,"column":0},"end":{"line":41,"column":30}},"41":{"start":{"line":42,"column":0},"end":{"line":42,"column":24}},"42":{"start":{"line":43,"column":0},"end":{"line":43,"column":33}},"43":{"start":{"line":44,"column":0},"end":{"line":44,"column":6}},"44":{"start":{"line":45,"column":0},"end":{"line":45,"column":3}},"45":{"start":{"line":46,"column":0},"end":{"line":46,"column":0}},"46":{"start":{"line":47,"column":0},"end":{"line":47,"column":3}},"47":{"start":{"line":48,"column":0},"end":{"line":48,"column":25}},"48":{"start":{"line":49,"column":0},"end":{"line":49,"column":23}},"49":{"start":{"line":50,"column":0},"end":{"line":50,"column":3}},"50":{"start":{"line":51,"column":0},"end":{"line":51,"column":70}},"51":{"start":{"line":52,"column":0},"end":{"line":52,"column":88}},"52":{"start":{"line":53,"column":0},"end":{"line":53,"column":23}},"53":{"start":{"line":54,"column":0},"end":{"line":54,"column":30}},"54":{"start":{"line":55,"column":0},"end":{"line":55,"column":32}},"55":{"start":{"line":56,"column":0},"end":{"line":56,"column":40}},"56":{"start":{"line":57,"column":0},"end":{"line":57,"column":6}},"57":{"start":{"line":58,"column":0},"end":{"line":58,"column":3}},"58":{"start":{"line":59,"column":0},"end":{"line":59,"column":0}},"59":{"start":{"line":60,"column":0},"end":{"line":60,"column":3}},"60":{"start":{"line":61,"column":0},"end":{"line":61,"column":38}},"61":{"start":{"line":62,"column":0},"end":{"line":62,"column":23}},"62":{"start":{"line":63,"column":0},"end":{"line":63,"column":3}},"63":{"start":{"line":64,"column":0},"end":{"line":64,"column":98}},"64":{"start":{"line":65,"column":0},"end":{"line":65,"column":33}},"65":{"start":{"line":66,"column":0},"end":{"line":66,"column":23}},"66":{"start":{"line":67,"column":0},"end":{"line":67,"column":29}},"67":{"start":{"line":68,"column":0},"end":{"line":68,"column":40}},"68":{"start":{"line":69,"column":0},"end":{"line":69,"column":6}},"69":{"start":{"line":70,"column":0},"end":{"line":70,"column":3}},"70":{"start":{"line":71,"column":0},"end":{"line":71,"column":0}},"71":{"start":{"line":72,"column":0},"end":{"line":72,"column":76}},"72":{"start":{"line":73,"column":0},"end":{"line":73,"column":57}},"73":{"start":{"line":74,"column":0},"end":{"line":74,"column":64}},"74":{"start":{"line":75,"column":0},"end":{"line":75,"column":92}}},"s":{"0":1,"1":1,"2":1,"3":1,"4":1,"5":1,"6":1,"7":1,"8":1,"9":1,"10":1,"11":1,"12":1,"13":1,"14":1,"15":1,"16":1,"17":1,"18":1,"19":1,"20":1,"21":1,"22":1,"23":1,"24":1,"25":1,"26":1,"27":1,"28":1,"29":1,"30":1,"31":1,"32":1,"33":1,"34":1,"35":1,"36":1,"37":1,"38":0,"39":0,"40":0,"41":0,"42":0,"43":0,"44":0,"45":1,"46":1,"47":1,"48":1,"49":1,"50":1,"51":0,"52":0,"53":0,"54":0,"55":0,"56":0,"57":0,"58":1,"59":1,"60":1,"61":1,"62":1,"63":1,"64":4,"65":4,"66":4,"67":4,"68":4,"69":4,"70":1,"71":1,"72":1,"73":1,"74":1},"branchMap":{"0":{"type":"branch","line":26,"loc":{"start":{"line":26,"column":32},"end":{"line":32,"column":3}},"locations":[{"start":{"line":26,"column":32},"end":{"line":32,"column":3}}]},"1":{"type":"branch","line":64,"loc":{"start":{"line":64,"column":40},"end":{"line":70,"column":3}},"locations":[{"start":{"line":64,"column":40},"end":{"line":70,"column":3}}]}},"b":{"0":[1],"1":[4]},"fnMap":{"0":{"name":"getAdminPageinfo","decl":{"start":{"line":26,"column":32},"end":{"line":32,"column":3}},"loc":{"start":{"line":26,"column":32},"end":{"line":32,"column":3}},"line":26},"1":{"name":"postAdminRegister","decl":{"start":{"line":38,"column":33},"end":{"line":45,"column":3}},"loc":{"start":{"line":38,"column":33},"end":{"line":45,"column":3}},"line":38},"2":{"name":"postAdminServicePolicies","decl":{"start":{"line":51,"column":40},"end":{"line":58,"column":3}},"loc":{"start":{"line":51,"column":40},"end":{"line":58,"column":3}},"line":51},"3":{"name":"getPublicServicePolicies","decl":{"start":{"line":64,"column":40},"end":{"line":70,"column":3}},"loc":{"start":{"line":64,"column":40},"end":{"line":70,"column":3}},"line":64}},"f":{"0":1,"1":0,"2":0,"3":4}}
[...]
art":{"line":798,"column":0},"end":{"line":798,"column":54}},"798":{"start":{"line":799,"column":0},"end":{"line":799,"column":12}},"799":{"start":{"line":800,"column":0},"end":{"line":800,"column":6}},"800":{"start":{"line":801,"column":0},"end":{"line":801,"column":23}},"801":{"start":{"line":802,"column":0},"end":{"line":802,"column":32}},"802":{"start":{"line":803,"column":0},"end":{"line":803,"column":32}},"803":{"start":{"line":804,"column":0},"end":{"line":804,"column":37}},"804":{"start":{"line":805,"column":0},"end":{"line":805,"column":31}},"805":{"start":{"line":806,"column":0},"end":{"line":806,"column":5}},"806":{"start":{"line":807,"column":0},"end":{"line":807,"column":3}},"807":{"start":{"line":808,"column":0},"end":{"line":808,"column":1}}},"s":{"0":1,"1":1,"2":1,"3":1,"4":1,"5":1,"6":1,"7":1,"8":1,"9":1,"10":1,"11":1,"12":1,"13":1,"14":1,"15":1,"16":1,"17":1,"18":1,"19":1,"20":1,"21":1,"22":1,"23":1,"24":1,"25":1,"26":1,"27":1,"28":1,"29":1,"30":1,"31":1,"32":1,"33":1,"34":1,"35":1,"36":1,"37":1,"38":1,"39":1,"40":1,"41":1,"42":1,"43":1,"44":1,"45":1,"46":1,"47":1,"48":1,"49":1,"50":1,"51":1,"52":1,"53":1,"54":1,"55":1,"56":1,"57":1,"58":1,"59":1,"60":1,"61":1,"62":1,"63":1,"64":1,"65":1,"66":1,"67":1,"68":1,"69":1,"70":1,"71":1,"72":1,"73":1,"74":1,"75":1,"76":1,"77":1,"78":1,"79":1,"80":1,"81":1,"82":1,"83":1,"84":1,"85":1,"86":1,"87":1,"88":1,"89":1,"90":1,"91":1,"92":1,"93":1,"94":1,"95":1,"96":1,"97":1,"98":1,"99":1,"100":1,"101":1,"102":1,"103":1,"104":1,"105":1,"106":1,"107":1,"108":1,"109":1,"110":1,"111":1,"112":1,"113":1,"114":1,"115":1,"116":1,"117":1,"118":1,"119":1,"120":1,"121":1,"122":1,"123":1,"124":1,"125":1,"126":1,"127":1,"128":1,"129":1,"130":1,"131":1,"132":1,"133":1,"134":1,"135":1,"136":1,"137":1,"138":1,"139":1,"140":1,"141":1,"142":1,"143":1,"144":1,"145":1,"146":1,"147":1,"148":1,"149":1,"150":1,"151":1,"152":1,"153":1,"154":1,"155":1,"156":1,"157":1,"158":1,"159":1,"160":1,"161":1,"162":1,"163":1,"164":1,"165":1,"166":1,"167":1,"168":1,"169":1,"170":1,"171":1,"172":1,"173":1,"174":1,"175":1,"176":1,"177":1,"178":1,"179":1,"180":1,"181":1,"182":1,"183":1,"184":1,"185":1,"186":1,"187":1,"188":1,"189":1,"190":1,"191":1,"192":1,"193":1,"194":1,"195":1,"196":1,"197":1,"198":1,"199":1,"200":1,"201":1,"202":1,"203":1,"204":1,"205":1,"206":1,"207":1,"208":1,"209":1,"210":1,"211":1,"212":1,"213":1,"214":1,"215":1,"216":1,"217":1,"218":1,"219":1,"220":1,"221":1,"222":1,"223":1,"224":1,"225":1,"226":1,"227":1,"228":1,"229":1,"230":1,"231":1,"232":1,"233":1,"234":1,"235":1,"236":1,"237":1,"238":1,"239":1,"240":1,"241":1,"242":1,"243":1,"244":1,"245":1,"246":1,"247":1,"248":1,"249":1,"250":1,"251":1,"252":1,"253":1,"254":1,"255":1,"256":1,"257":1,"258":1,"259":1,"260":1,"261":1,"262":1,"263":1,"264":1,"265":1,"266":1,"267":1,"268":1,"269":1,"270":1,"271":1,"272":1,"273":1,"274":1,"275":1,"276":1,"277":1,"278":1,"279":1,"280":1,"281":1,"282":1,"283":1,"284":1,"285":1,"286":1,"287":1,"288":1,"289":1,"290":1,"291":1,"292":1,"293":1,"294":1,"295":1,"296":1,"297":1,"298":1,"299":1,"300":1,"301":1,"302":1,"303":1,"304":1,"305":1,"306":1,"307":1,"308":1,"309":1,"310":1,"311":1,"312":1,"313":1,"314":1,"315":1,"316":1,"317":1,"318":1,"319":1,"320":1,"321":1,"322":1,"323":1,"324":1,"325":1,"326":1,"327":1,"328":1,"329":1,"330":1,"331":1,"332":1,"333":1,"334":1,"335":1,"336":1,"337":1,"338":1,"339":1,"340":1,"341":1,"342":1,"343":1,"344":1,"345":1,"346":1,"347":1,"348":1,"349":1,"350":1,"351":1,"352":1,"353":1,"354":1,"355":1,"356":1,"357":1,"358":1,"359":1,"360":1,"361":1,"362":1,"363":1,"364":1,"365":1,"366":1,"367":1,"368":1,"369":1,"370":1,"371":1,"372":1,"373":1,"374":1,"375":1,"376":1,"377":1,"378":1,"379":1,"380":1,"381":1,"382":1,"383":1,"384":1,"385":1,"386":1,"387":1,"388":1,"389":1,"390":1,"391":1,"392":1,"393":1,"394":1,"395":1,"396":1,"397":1,"398":1,"399":1,"400":1,"401":1,"402":1,"403":1,"404":1,"405":1,"406":1,"407":1,"408":1,"409":1,"410":1,"411":1,"412":1,"413":1,"414":1,"415":1,"416":1,"417":1,"418":1,"419":1,"420":1,"421":1,"422":1,"423":1,"424":1,"425":1,"426":1,"427":1,"428":1,"429":1,"430":1,"431":1,"432":1,"433":1,"434":1,"435":1,"436":1,"437":1,"438":1,"439":1,"440":1,"441":1,"442":1,"443":1,"444":1,"445":1,"446":1,"447":1,"448":1,"449":1,"450":1,"451":1,"452":1,"453":1,"454":1,"455":1,"456":1,"457":1,"458":1,"459":1,"460":1,"461":1,"462":1,"463":1,"464":1,"465":1,"466":1,"467":1,"468":1,"469":1,"470":1,"471":1,"472":1,"473":1,"474":1,"475":1,"476":1,"477":1,"478":1,"479":1,"480":1,"481":1,"482":1,"483":1,"484":1,"485":1,"486":1,"487":1,"488":1,"489":1,"490":1,"491":1,"492":1,"493":1,"494":1,"495":1,"496":1,"497":1,"498":1,"499":1,"500":1,"501":1,"502":1,"503":1,"504":1,"505":1,"506":1,"507":1,"508":1,"509":1,"510":1,"511":1,"512":1,"513":1,"514":1,"515":1,"516":1,"517":1,"518":1,"519":1,"520":1,"521":1,"522":1,"523":1,"524":1,"525":1,"526":1,"527":1,"528":1,"529":1,"530":1,"531":1,"532":1,"533":1,"534":1,"535":1,"536":1,"537":1,"538":1,"539":1,"540":1,"541":1,"542":1,"543":1,"544":1,"545":1,"546":1,"547":1,"548":1,"549":1,"550":1,"551":1,"552":1,"553":1,"554":1,"555":1,"556":1,"557":1,"558":1,"559":1,"560":1,"561":1,"562":1,"563":1,"564":1,"565":1,"566":1,"567":1,"568":1,"569":1,"570":1,"571":1,"572":1,"573":1,"574":1,"575":1,"576":1,"577":1,"578":1,"579":1,"580":1,"581":1,"582":1,"583":1,"584":1,"585":1,"586":1,"587":1,"588":1,"589":1,"590":1,"591":1,"592":1,"593":1,"594":1,"595":1,"596":1,"597":1,"598":1,"599":1,"600":1,"601":1,"602":1,"603":1,"604":1,"605":1,"606":1,"607":1,"608":1,"609":1,"610":1,"611":1,"612":1,"613":1,"614":1,"615":1,"616":1,"617":1,"618":1,"619":1,"620":1,"621":1,"622":1,"623":1,"624":1,"625":1,"626":1,"627":1,"628":1,"629":1,"630":1,"631":1,"632":1,"633":1,"634":1,"635":1,"636":1,"637":1,"638":1,"639":1,"640":1,"641":1,"642":1,"643":1,"644":1,"645":1,"646":1,"647":1,"648":1,"649":1,"650":1,"651":1,"652":1,"653":1,"654":1,"655":1,"656":1,"657":1,"658":1,"659":1,"660":1,"661":1,"662":1,"663":1,"664":1,"665":1,"666":1,"667":1,"668":1,"669":1,"670":1,"671":1,"672":1,"673":1,"674":1,"675":1,"676":1,"677":1,"678":1,"679":1,"680":1,"681":1,"682":1,"683":1,"684":1,"685":1,"686":1,"687":1,"688":1,"689":1,"690":1,"691":1,"692":1,"693":1,"694":1,"695":1,"696":1,"697":1,"698":1,"699":1,"700":1,"701":1,"702":1,"703":1,"704":1,"705":1,"706":1,"707":1,"708":1,"709":1,"710":1,"711":1,"712":1,"713":1,"714":1,"715":1,"716":1,"717":1,"718":1,"719":1,"720":1,"721":1,"722":1,"723":1,"724":1,"725":1,"726":1,"727":1,"728":1,"729":1,"730":1,"731":1,"732":1,"733":1,"734":1,"735":1,"736":1,"737":1,"738":1,"739":1,"740":1,"741":1,"742":1,"743":1,"744":1,"745":1,"746":1,"747":1,"748":1,"749":1,"750":1,"751":1,"752":1,"753":1,"754":1,"755":1,"756":1,"757":1,"758":1,"759":1,"760":1,"761":1,"762":1,"763":1,"764":1,"765":1,"766":1,"767":1,"768":1,"769":1,"770":1,"771":1,"772":1,"773":1,"774":1,"775":1,"776":1,"777":1,"778":1,"779":1,"780":1,"781":1,"782":1,"783":1,"784":1,"785":1,"786":1,"787":1,"788":1,"789":1,"790":1,"791":1,"792":1,"793":1,"794":1,"795":1,"796":1,"797":1,"798":1,"799":1,"800":1,"801":1,"802":1,"803":1,"804":1,"805":1,"806":1,"807":1},"branchMap":{},"b":{},"fnMap":{},"f":{}}
,"/Users/toritakashi/wp-telecommunications-business-act/frontend/src/msw/client.msw.ts": {"path":"/Users/toritakashi/wp-telecommunications-business-act/frontend/src/msw/client.msw.ts","all":false,"statementMap":{"0":{"start":{"line":1,"column":0},"end":{"line":1,"column":8}},"1":{"start":{"line":2,"column":0},"end":{"line":2,"column":8}},"2":{"start":{"line":3,"column":0},"end":{"line":3,"column":12}},"3":{"start":{"line":4,"column":0},"end":{"line":4,"column":0}},"4":{"start":{"line":5,"column":0},"end":{"line":5,"column":47}},"5":{"start":{"line":6,"column":0},"end":{"line":6,"column":57}},"6":{"start":{"line":7,"column":0},"end":{"line":7,"column":23}},"7":{"start":{"line":8,"column":0},"end":{"line":8,"column":45}},"8":{"start":{"line":9,"column":0},"end":{"line":9,"column":2}},"9":{"start":{"line":10,"column":0},"end":{"line":10,"column":0}},"10":{"start":{"line":11,"column":0},"end":{"line":11,"column":111}},"11":{"start":{"line":12,"column":0},"end":{"line":12,"column":0}},"12":{"start":{"line":13,"column":0},"end":{"line":13,"column":44}},"13":{"start":{"line":14,"column":0},"end":{"line":14,"column":54}},"14":{"start":{"line":15,"column":0},"end":{"line":15,"column":19}},"15":{"start":{"line":16,"column":0},"end":{"line":16,"column":25}},"16":{"start":{"line":17,"column":0},"end":{"line":17,"column":45}},"17":{"start":{"line":18,"column":0},"end":{"line":18,"column":48}},"18":{"start":{"line":19,"column":0},"end":{"line":19,"column":9}},"19":{"start":{"line":20,"column":0},"end":{"line":20,"column":59}},"20":{"start":{"line":21,"column":0},"end":{"line":21,"column":19}},"21":{"start":{"line":22,"column":0},"end":{"line":22,"column":25}},"22":{"start":{"line":23,"column":0},"end":{"line":23,"column":45}},"23":{"start":{"line":24,"column":0},"end":{"line":24,"column":9}},"24":{"start":{"line":25,"column":0},"end":{"line":25,"column":67}},"25":{"start":{"line":26,"column":0},"end":{"line":26,"column":19}},"26":{"start":{"line":27,"column":0},"end":{"line":27,"column":25}},"27":{"start":{"line":28,"column":0},"end":{"line":28,"column":45}},"28":{"start":{"line":29,"column":0},"end":{"line":29,"column":9}},"29":{"start":{"line":30,"column":0},"end":{"line":30,"column":67}},"30":{"start":{"line":31,"column":0},"end":{"line":31,"column":19}},"31":{"start":{"line":32,"column":0},"end":{"line":32,"column":25}},"32":{"start":{"line":33,"column":0},"end":{"line":33,"column":45}},"33":{"start":{"line":34,"column":0},"end":{"line":34,"column":56}},"34":{"start":{"line":35,"column":0},"end":{"line":35,"column":9}},"35":{"start":{"line":36,"column":0},"end":{"line":36,"column":8}}},"s":{"0":1,"1":1,"2":1,"3":1,"4":1,"5":1,"6":1,"7":1,"8":1,"9":1,"10":1,"11":1,"12":1,"13":5,"14":1,"15":1,"16":1,"17":1,"18":1,"19":5,"20":0,"21":0,"22":0,"23":0,"24":5,"25":0,"26":0,"27":0,"28":0,"29":5,"30":4,"31":4,"32":4,"33":4,"34":4,"35":4},"branchMap":{"0":{"type":"branch","line":5,"loc":{"start":{"line":5,"column":39},"end":{"line":9,"column":2}},"locations":[{"start":{"line":5,"column":39},"end":{"line":9,"column":2}}]},"1":{"type":"branch","line":11,"loc":{"start":{"line":11,"column":47},"end":{"line":11,"column":111}},"locations":[{"start":{"line":11,"column":47},"end":{"line":11,"column":111}}]},"2":{"type":"branch","line":13,"loc":{"start":{"line":13,"column":37},"end":{"line":36,"column":8}},"locations":[{"start":{"line":13,"column":37},"end":{"line":36,"column":8}}]},"3":{"type":"branch","line":14,"loc":{"start":{"line":14,"column":33},"end":{"line":20,"column":8}},"locations":[{"start":{"line":14,"column":33},"end":{"line":20,"column":8}}]},"4":{"type":"branch","line":30,"loc":{"start":{"line":30,"column":46},"end":{"line":36,"column":8}},"locations":[{"start":{"line":30,"column":46},"end":{"line":36,"column":8}}]}},"b":{"0":[1],"1":[4],"2":[5],"3":[1],"4":[4]},"fnMap":{"0":{"name":"getGetAdminPageinfoMock","decl":{"start":{"line":5,"column":39},"end":{"line":9,"column":2}},"loc":{"start":{"line":5,"column":39},"end":{"line":9,"column":2}},"line":5},"1":{"name":"getGetPublicServicePoliciesMock","decl":{"start":{"line":11,"column":47},"end":{"line":11,"column":111}},"loc":{"start":{"line":11,"column":47},"end":{"line":11,"column":111}},"line":11},"2":{"name":"getPluginEndpointsMSW","decl":{"start":{"line":13,"column":37},"end":{"line":36,"column":8}},"loc":{"start":{"line":13,"column":37},"end":{"line":36,"column":8}},"line":13}},"f":{"0":1,"1":4,"2":5}}
,"/Users/toritakashi/wp-telecommunications-business-act/frontend/src/msw/server.ts": {"path":"/Users/toritakashi/wp-telecommunications-business-act/frontend/src/msw/server.ts","all":false,"statementMap":{"0":{"start":{"line":1,"column":0},"end":{"line":1,"column":38}},"1":{"start":{"line":2,"column":0},"end":{"line":2,"column":52}},"2":{"start":{"line":3,"column":0},"end":{"line":3,"column":61}}},"s":{"0":1,"1":1,"2":1},"branchMap":{},"b":{},"fnMap":{},"f":{}}
,"/Users/toritakashi/wp-telecommunications-business-act/frontend/src/pages/AdminPage.tsx": {"path":"/Users/toritakashi/wp-telecommunications-business-act/frontend/src/pages/AdminPage.tsx","all":false,"statementMap":{"0":{"start":{"line":1,"column":0},"end":{"line":1,"column":50}},"1":{"start":{"line":2,"column":0},"end":{"line":2,"column":53}},"2":{"start":{"line":3,"column":0},"end":{"line":3,"column":0}},"3":{"start":{"line":4,"column":0},"end":{"line":4,"column":62}},"4":{"start":{"line":5,"column":0},"end":{"line":5,"column":55}},"5":{"start":{"line":6,"column":0},"end":{"line":6,"column":66}},"6":{"start":{"line":7,"column":0},"end":{"line":7,"column":75}},"7":{"start":{"line":8,"column":0},"end":{"line":8,"column":51}},"8":{"start":{"line":9,"column":0},"end":{"line":9,"column":0}},"9":{"start":{"line":10,"column":0},"end":{"line":10,"column":35}},"10":{"start":{"line":11,"column":0},"end":{"line":11,"column":74}},"11":{"start":{"line":12,"column":0},"end":{"line":12,"column":98}},"12":{"start":{"line":13,"column":0},"end":{"line":13,"column":81}},"13":{"start":{"line":14,"column":0},"end":{"line":14,"column":70}},"14":{"start":{"line":15,"column":0},"end":{"line":15,"column":134}},"15":{"start":{"line":16,"column":0},"end":{"line":16,"column":0}},"16":{"start":{"line":17,"column":0},"end":{"line":17,"column":19}},"17":{"start":{"line":18,"column":0},"end":{"line":18,"column":53}},"18":{"start":{"line":19,"column":0},"end":{"line":19,"column":32}},"19":{"start":{"line":20,"column":0},"end":{"line":20,"column":40}},"20":{"start":{"line":21,"column":0},"end":{"line":21,"column":43}},"21":{"start":{"line":22,"column":0},"end":{"line":22,"column":23}},"22":{"start":{"line":23,"column":0},"end":{"line":23,"column":85}},"23":{"start":{"line":24,"column":0},"end":{"line":24,"column":20}},"24":{"start":{"line":25,"column":0},"end":{"line":25,"column":31}},"25":{"start":{"line":26,"column":0},"end":{"line":26,"column":23}},"26":{"start":{"line":27,"column":0},"end":{"line":27,"column":6}},"27":{"start":{"line":28,"column":0},"end":{"line":28,"column":8}},"28":{"start":{"line":29,"column":0},"end":{"line":29,"column":0}},"29":{"start":{"line":30,"column":0},"end":{"line":30,"column":10}},"30":{"start":{"line":31,"column":0},"end":{"line":31,"column":8}},"31":{"start":{"line":32,"column":0},"end":{"line":32,"column":16}},"32":{"start":{"line":33,"column":0},"end":{"line":33,"column":11}},"33":{"start":{"line":34,"column":0},"end":{"line":34,"column":5}},"34":{"start":{"line":35,"column":0},"end":{"line":35,"column":19}},"35":{"start":{"line":36,"column":0},"end":{"line":36,"column":44}},"36":{"start":{"line":37,"column":0},"end":{"line":37,"column":21}},"37":{"start":{"line":38,"column":0},"end":{"line":38,"column":15}},"38":{"start":{"line":39,"column":0},"end":{"line":39,"column":8}},"39":{"start":{"line":40,"column":0},"end":{"line":40,"column":40}},"40":{"start":{"line":41,"column":0},"end":{"line":41,"column":28}},"41":{"start":{"line":42,"column":0},"end":{"line":42,"column":8}},"42":{"start":{"line":43,"column":0},"end":{"line":43,"column":54}},"43":{"start":{"line":44,"column":0},"end":{"line":44,"column":17}},"44":{"start":{"line":45,"column":0},"end":{"line":45,"column":23}},"45":{"start":{"line":46,"column":0},"end":{"line":46,"column":10}},"46":{"start":{"line":47,"column":0},"end":{"line":47,"column":8}},"47":{"start":{"line":48,"column":0},"end":{"line":48,"column":55}},"48":{"start":{"line":49,"column":0},"end":{"line":49,"column":22}},"49":{"start":{"line":50,"column":0},"end":{"line":50,"column":83}},"50":{"start":{"line":51,"column":0},"end":{"line":51,"column":89}},"51":{"start":{"line":52,"column":0},"end":{"line":52,"column":10}},"52":{"start":{"line":53,"column":0},"end":{"line":53,"column":8}},"53":{"start":{"line":54,"column":0},"end":{"line":54,"column":10}},"54":{"start":{"line":55,"column":0},"end":{"line":55,"column":3}},"55":{"start":{"line":56,"column":0},"end":{"line":56,"column":1}},"56":{"start":{"line":57,"column":0},"end":{"line":57,"column":0}},"57":{"start":{"line":58,"column":0},"end":{"line":58,"column":24}}},"s":{"0":1,"1":1,"2":1,"3":1,"4":1,"5":1,"6":1,"7":1,"8":1,"9":1,"10":1,"11":1,"12":1,"13":1,"14":1,"15":1,"16":1,"17":1,"18":1,"19":1,"20":1,"21":1,"22":1,"23":1,"24":0,"25":0,"26":0,"27":1,"28":1,"29":1,"30":1,"31":1,"32":1,"33":1,"34":1,"35":1,"36":1,"37":1,"38":1,"39":1,"40":1,"41":1,"42":1,"43":1,"44":1,"45":1,"46":1,"47":1,"48":1,"49":1,"50":1,"51":1,"52":1,"53":1,"54":1,"55":1,"56":1,"57":1},"branchMap":{"0":{"type":"branch","line":10,"loc":{"start":{"line":10,"column":28},"end":{"line":56,"column":1}},"locations":[{"start":{"line":10,"column":28},"end":{"line":56,"column":1}}]},"1":{"type":"branch","line":40,"loc":{"start":{"line":40,"column":8},"end":{"line":40,"column":40}},"locations":[{"start":{"line":40,"column":8},"end":{"line":40,"column":40}}]},"2":{"type":"branch","line":43,"loc":{"start":{"line":43,"column":8},"end":{"line":43,"column":40}},"locations":[{"start":{"line":43,"column":8},"end":{"line":43,"column":40}}]},"3":{"type":"branch","line":43,"loc":{"start":{"line":43,"column":20},"end":{"line":43,"column":54}},"locations":[{"start":{"line":43,"column":20},"end":{"line":43,"column":54}}]},"4":{"type":"branch","line":48,"loc":{"start":{"line":48,"column":8},"end":{"line":48,"column":40}},"locations":[{"start":{"line":48,"column":8},"end":{"line":48,"column":40}}]},"5":{"type":"branch","line":48,"loc":{"start":{"line":48,"column":20},"end":{"line":48,"column":55}},"locations":[{"start":{"line":48,"column":20},"end":{"line":48,"column":55}}]},"6":{"type":"branch","line":17,"loc":{"start":{"line":17,"column":12},"end":{"line":28,"column":5}},"locations":[{"start":{"line":17,"column":12},"end":{"line":28,"column":5}}]},"7":{"type":"branch","line":18,"loc":{"start":{"line":18,"column":43},"end":{"line":24,"column":7}},"locations":[{"start":{"line":18,"column":43},"end":{"line":24,"column":7}}]}},"b":{"0":[1],"1":[0],"2":[0],"3":[0],"4":[0],"5":[0],"6":[1],"7":[1]},"fnMap":{"0":{"name":"AdminPage","decl":{"start":{"line":10,"column":28},"end":{"line":56,"column":1}},"loc":{"start":{"line":10,"column":28},"end":{"line":56,"column":1}},"line":10}},"f":{"0":1}}
,"/Users/toritakashi/wp-telecommunications-business-act/frontend/src/shortcodes/TBAWidget.tsx": {"path":"/Users/toritakashi/wp-telecommunications-business-act/frontend/src/shortcodes/TBAWidget.tsx","all":false,"statementMap":{"0":{"start":{"line":1,"column":0},"end":{"line":1,"column":25}},"1":{"start":{"line":2,"column":0},"end":{"line":2,"column":8}},"2":{"start":{"line":3,"column":0},"end":{"line":3,"column":5}},"3":{"start":{"line":4,"column":0},"end":{"line":4,"column":25}},"4":{"start":{"line":5,"column":0},"end":{"line":5,"column":84}},"5":{"start":{"line":6,"column":0},"end":{"line":6,"column":0}},"6":{"start":{"line":7,"column":0},"end":{"line":7,"column":35}},"7":{"start":{"line":8,"column":0},"end":{"line":8,"column":10}},"8":{"start":{"line":9,"column":0},"end":{"line":9,"column":9}},"9":{"start":{"line":10,"column":0},"end":{"line":10,"column":29}},"10":{"start":{"line":11,"column":0},"end":{"line":11,"column":10}},"11":{"start":{"line":12,"column":0},"end":{"line":12,"column":3}},"12":{"start":{"line":13,"column":0},"end":{"line":13,"column":1}},"13":{"start":{"line":14,"column":0},"end":{"line":14,"column":0}},"14":{"start":{"line":15,"column":0},"end":{"line":15,"column":24}}},"s":{"0":1,"1":1,"2":1,"3":1,"4":1,"5":1,"6":1,"7":2,"8":2,"9":2,"10":2,"11":2,"12":2,"13":1,"14":1},"branchMap":{"0":{"type":"branch","line":7,"loc":{"start":{"line":7,"column":28},"end":{"line":13,"column":1}},"locations":[{"start":{"line":7,"column":28},"end":{"line":13,"column":1}}]}},"b":{"0":[2]},"fnMap":{"0":{"name":"TBAWidget","decl":{"start":{"line":7,"column":28},"end":{"line":13,"column":1}},"loc":{"start":{"line":7,"column":28},"end":{"line":13,"column":1}},"line":7}},"f":{"0":2}}
}
